<?xml version="1.0" encoding="UTF-8"?>
<testsuite xmlns:xsi="http://www.w3.org/2001/XMLSchema-instance" xsi:noNamespaceSchemaLocation="https://maven.apache.org/surefire/maven-surefire-plugin/xsd/surefire-test-report-3.0.xsd" version="3.0" name="com.inovamed.clinical_study_system.ClinicalStudySystemApplicationTests" time="7.562" tests="1" errors="1" skipped="0" failures="0">
  <properties>
[...]
</properties>
  <testcase name="main" classname="com.inovamed.clinical_study_system.ClinicalStudySystemApplicationTests" time="0.008">
    <error message="Failed to load ApplicationContext for [WebMergedContextConfiguration@247415be testClass = com.inovamed.clinical_study_system.ClinicalStudySystemApplicationTests, locations = [], classes = [com.inovamed.clinical_study_system.ClinicalStudySystemApplication], contextInitializerClasses = [], activeProfiles = [], propertySourceDescriptors = [], propertySourceProperties = [&quot;org.springframework.boot.test.context.SpringBootTestContextBootstrapper=true&quot;], contextCustomizers = [org.springframework.boot.test.context.filter.ExcludeFilterContextCustomizer@2663e964, org.springframework.boot.test.json.DuplicateJsonObjectContextCustomizerFactory$DuplicateJsonObjectContextCustomizer@39b43d60, org.springframework.boot.test.mock.mockito.MockitoContextCustomizer@0, org.springframework.boot.test.web.client.TestRestTemplateContextCustomizer@64e7619d, org.springframework.boot.test.web.reactor.netty.DisableReactorResourceFactoryGlobalResourcesContextCustomizerFactory$DisableReactorResourceFactoryGlobalResourcesContextCustomizerCustomizer@4dd6fd0a, org.springframework.boot.test.autoconfigure.OnFailureConditionReportContextCustomizerFactory$OnFailureConditionReportContextCustomizer@6692b6c6, org.springframework.boot.test.autoconfigure.actuate.observability.ObservabilityContextCustomizerFactory$DisableObservabilityContextCustomizer@1f, org.springframework.boot.test.autoconfigure.properties.PropertyMappingContextCustomizer@0, org.springframework.boot.test.autoconfigure.web.servlet.WebDriverContextCustomizer@1863d2fe, org.springframework.boot.test.context.SpringBootTestAnnotation@41204c78], resourceBasePath = &quot;src/main/webapp&quot;, contextLoader = org.springframework.boot.test.context.SpringBootContextLoader, parent = null]" type="java.lang.IllegalStateException"><![CDATA[java.lang.IllegalStateException: Failed to load ApplicationContext for [WebMergedContextConfiguration@247415be testClass = com.inovamed.clinical_study_system.ClinicalStudySystemApplicationTests, locations = [], classes = [com.inovamed.clinical_study_system.ClinicalStudySystemApplication], contextInitializerClasses = [], activeProfiles = [], propertySourceDescriptors = [], propertySourceProperties = ["org.springframework.boot.test.context.SpringBootTestContextBootstrapper=true"], contextCustomizers = [org.springframework.boot.test.context.filter.ExcludeFilterContextCustomizer@2663e964, org.springframework.boot.test.json.DuplicateJsonObjectContextCustomizerFactory$DuplicateJsonObjectContextCustomizer@39b43d60, org.springframework.boot.test.mock.mockito.MockitoContextCustomizer@0, org.springframework.boot.test.web.client.TestRestTemplateContextCustomizer@64e7619d, org.springframework.boot.test.web.reactor.netty.DisableReactorResourceFactoryGlobalResourcesContextCustomizerFactory$DisableReactorResourceFactoryGlobalResourcesContextCustomizerCustomizer@4dd6fd0a, org.springframework.boot.test.autoconfigure.OnFailureConditionReportContextCustomizerFactory$OnFailureConditionReportContextCustomizer@6692b6c6, org.springframework.boot.test.autoconfigure.actuate.observability.ObservabilityContextCustomizerFactory$DisableObservabilityContextCustomizer@1f, org.springframework.boot.test.autoconfigure.properties.PropertyMappingContextCustomizer@0, org.springframework.boot.test.autoconfigure.web.servlet.WebDriverContextCustomizer@1863d2fe, org.springframework.boot.test.context.SpringBootTestAnnotation@41204c78], resourceBasePath = "src/main/webapp", contextLoader = org.springframework.boot.test.context.SpringBootContextLoader, parent = null]
	at org.springframework.test.context.cache.DefaultCacheAwareContextLoaderDelegate.loadContext(DefaultCacheAwareContextLoaderDelegate.java:180)
	at org.springframework.test.context.support.DefaultTestContext.getApplicationContext(DefaultTestContext.java:130)
	at org.springframework.test.context.web.ServletTestExecutionListener.setUpRequestContextIfNecessary(ServletTestExecutionListener.java:191)
	at org.springframework.test.context.web.ServletTestExecutionListener.prepareTestInstance(ServletTestExecutionListener.java:130)
	at org.springframework.test.context.TestContextManager.prepareTestInstance(TestContextManager.java:260)
	at org.springframework.test.context.junit.jupiter.SpringExtension.postProcessTestInstance(SpringExtension.java:163)
	at java.base/java.util.stream.ReferencePipeline$3$1.accept(ReferencePipeline.java:212)
	at java.base/java.util.stream.ReferencePipeline$2$1.accept(ReferencePipeline.java:194)
	at java.base/java.util.ArrayList$ArrayListSpliterator.forEachRemaining(ArrayList.java:1709)
	at java.base/java.util.stream.AbstractPipeline.copyInto(AbstractPipeline.java:556)
	at java.base/java.util.stream.AbstractPipeline.wrapAndCopyInto(AbstractPipeline.java:546)
	at java.base/java.util.stream.StreamSpliterators$WrappingSpliterator.forEachRemaining(StreamSpliterators.java:310)
	at java.base/java.util.stream.Streams$ConcatSpliterator.forEachRemaining(Streams.java:735)
	at java.base/java.util.stream.Streams$ConcatSpliterator.forEachRemaining(Streams.java:734)
	at java.base/java.util.stream.ReferencePipeline$Head.forEach(ReferencePipeline.java:782)
	at java.base/java.util.Optional.orElseGet(Optional.java:364)
	at java.base/java.util.ArrayList.forEach(ArrayList.java:1597)
	at java.base/java.util.ArrayList.forEach(ArrayList.java:1597)
Caused by: org.springframework.beans.factory.BeanCreationException: Error creating bean with name 'entityManagerFactory' defined in class path resource [org/springframework/boot/autoconfigure/orm/jpa/HibernateJpaConfiguration.class]: [PersistenceUnit: default] Unable to build Hibernate SessionFactory; nested exception is org.hibernate.exception.JDBCConnectionException: Unable to open JDBC Connection for DDL execution [Connection to localhost:5432 refused. Check that the hostname and port are correct and that the postmaster is accepting TCP/IP connections.] [n/a]
	at org.springframework.beans.factory.support.AbstractAutowireCapableBeanFactory.initializeBean(AbstractAutowireCapableBeanFactory.java:1806)
	at org.springframework.beans.factory.support.AbstractAutowireCapableBeanFactory.doCreateBean(AbstractAutowireCapableBeanFactory.java:600)
	at org.springframework.beans.factory.support.AbstractAutowireCapableBeanFactory.createBean(AbstractAutowireCapableBeanFactory.java:522)
	at org.springframework.beans.factory.support.AbstractBeanFactory.lambda$doGetBean$0(AbstractBeanFactory.java:337)
	at org.springframework.beans.factory.support.DefaultSingletonBeanRegistry.getSingleton(DefaultSingletonBeanRegistry.java:234)
	at org.springframework.beans.factory.support.AbstractBeanFactory.doGetBean(AbstractBeanFactory.java:335)
	at org.springframework.beans.factory.support.AbstractBeanFactory.getBean(AbstractBeanFactory.java:205)
	at org.springframework.context.support.AbstractApplicationContext.finishBeanFactoryInitialization(AbstractApplicationContext.java:954)
	at org.springframework.context.support.AbstractApplicationContext.refresh(AbstractApplicationContext.java:625)
	at org.springframework.boot.SpringApplication.refresh(SpringApplication.java:754)
	at org.springframework.boot.SpringApplication.refreshContext(SpringApplication.java:456)
	at org.springframework.boot.SpringApplication.run(SpringApplication.java:335)
	at org.springframework.boot.test.context.SpringBootContextLoader.lambda$loadContext$3(SpringBootContextLoader.java:137)
	at org.springframework.util.function.ThrowingSupplier.get(ThrowingSupplier.java:58)
	at org.springframework.util.function.ThrowingSupplier.get(ThrowingSupplier.java:46)
	at org.springframework.boot.SpringApplication.withHook(SpringApplication.java:1463)
	at org.springframework.boot.test.context.SpringBootContextLoader$ContextLoaderHook.run(SpringBootContextLoader.java:553)
	at org.springframework.boot.test.context.SpringBootContextLoader.loadContext(SpringBootContextLoader.java:137)
	at org.springframework.boot.test.context.SpringBootContextLoader.loadContext(SpringBootContextLoader.java:108)
	at org.springframework.test.context.cache.DefaultCacheAwareContextLoaderDelegate.loadContextInternal(DefaultCacheAwareContextLoaderDelegate.java:225)
	at org.springframework.test.context.cache.DefaultCacheAwareContextLoaderDelegate.loadContext(DefaultCacheAwareContextLoaderDelegate.java:152)
	... 17 more
Caused by: jakarta.persistence.PersistenceException: [PersistenceUnit: default] Unable to build Hibernate SessionFactory; nested exception is org.hibernate.exception.JDBCConnectionException: Unable to open JDBC Connection for DDL execution [Connection to localhost:5432 refused. Check that the hostname and port are correct and that the postmaster is accepting TCP/IP connections.] [n/a]
	at org.springframework.orm.jpa.AbstractEntityManagerFactoryBean.buildNativeEntityManagerFactory(AbstractEntityManagerFactoryBean.java:421)
	at org.springframework.orm.jpa.AbstractEntityManagerFactoryBean.afterPropertiesSet(AbstractEntityManagerFactoryBean.java:396)
	at org.springframework.orm.jpa.LocalContainerEntityManagerFactoryBean.afterPropertiesSet(LocalContainerEntityManagerFactoryBean.java:366)
	at org.springframework.beans.factory.support.AbstractAutowireCapableBeanFactory.invokeInitMethods(AbstractAutowireCapableBeanFactory.java:1853)
	at org.springframework.beans.factory.support.AbstractAutowireCapableBeanFactory.initializeBean(AbstractAutowireCapableBeanFactory.java:1802)
	... 37 more
Caused by: org.hibernate.exception.JDBCConnectionException: Unable to open JDBC Connection for DDL execution [Connection to localhost:5432 refused. Check that the hostname and port are correct and that the postmaster is accepting TCP/IP connections.] [n/a]
	at org.hibernate.exception.internal.SQLStateConversionDelegate.convert(SQLStateConversionDelegate.java:100)
	at org.hibernate.exception.internal.StandardSQLExceptionConverter.convert(StandardSQLExceptionConverter.java:58)
	at org.hibernate.engine.jdbc.spi.SqlExceptionHelper.convert(SqlExceptionHelper.java:108)
	at org.hibernate.engine.jdbc.spi.SqlExceptionHelper.convert(SqlExceptionHelper.java:94)
	at org.hibernate.resource.transaction.backend.jdbc.internal.DdlTransactionIsolatorNonJtaImpl.getIsolatedConnection(DdlTransactionIsolatorNonJtaImpl.java:74)
	at org.hibernate.resource.transaction.backend.jdbc.internal.DdlTransactionIsolatorNonJtaImpl.getIsolatedConnection(DdlTransactionIsolatorNonJtaImpl.java:39)
	at org.hibernate.tool.schema.internal.exec.ImprovedExtractionContextImpl.getJdbcConnection(ImprovedExtractionContextImpl.java:63)
	at org.hibernate.tool.schema.extract.spi.ExtractionContext.getQueryResults(ExtractionContext.java:43)
	at org.hibernate.tool.schema.extract.internal.SequenceInformationExtractorLegacyImpl.extractMetadata(SequenceInformationExtractorLegacyImpl.java:39)
	at org.hibernate.tool.schema.extract.internal.DatabaseInformationImpl.initializeSequences(DatabaseInformationImpl.java:66)
	at org.hibernate.tool.schema.extract.internal.DatabaseInformationImpl.<init>(DatabaseInformationImpl.java:60)
	at org.hibernate.tool.schema.internal.Helper.buildDatabaseInformation(Helper.java:185)
	at org.hibernate.tool.schema.internal.AbstractSchemaMigrator.doMigration(AbstractSchemaMigrator.java:100)
	at org.hibernate.tool.schema.spi.SchemaManagementToolCoordinator.performDatabaseAction(SchemaManagementToolCoordinator.java:280)
	at org.hibernate.tool.schema.spi.SchemaManagementToolCoordinator.lambda$process$5(SchemaManagementToolCoordinator.java:144)
	at java.base/java.util.HashMap.forEach(HashMap.java:1429)
	at org.hibernate.tool.schema.spi.SchemaManagementToolCoordinator.process(SchemaManagementToolCoordinator.java:141)
	at org.hibernate.boot.internal.SessionFactoryObserverForSchemaExport.sessionFactoryCreated(SessionFactoryObserverForSchemaExport.java:37)
	at org.hibernate.internal.SessionFactoryObserverChain.sessionFactoryCreated(SessionFactoryObserverChain.java:35)
	at org.hibernate.internal.SessionFactoryImpl.<init>(SessionFactoryImpl.java:322)
	at org.hibernate.boot.internal.SessionFactoryBuilderImpl.build(SessionFactoryBuilderImpl.java:457)
	at org.hibernate.jpa.boot.internal.EntityManagerFactoryBuilderImpl.build(EntityManagerFactoryBuilderImpl.java:1506)
	at org.springframework.orm.jpa.vendor.SpringHibernateJpaPersistenceProvider.createContainerEntityManagerFactory(SpringHibernateJpaPersistenceProvider.java:75)
	at org.springframework.orm.jpa.LocalContainerEntityManagerFactoryBean.createNativeEntityManagerFactory(LocalContainerEntityManagerFactoryBean.java:390)
	at org.springframework.orm.jpa.AbstractEntityManagerFactoryBean.buildNativeEntityManagerFactory(AbstractEntityManagerFactoryBean.java:409)
	... 41 more
Caused by: org.postgresql.util.PSQLException: Connection to localhost:5432 refused. Check that the hostname and port are correct and that the postmaster is accepting TCP/IP connections.
	at org.postgresql.core.v3.ConnectionFactoryImpl.openConnectionImpl(ConnectionFactoryImpl.java:352)
	at org.postgresql.core.ConnectionFactory.openConnection(ConnectionFactory.java:54)
	at org.postgresql.jdbc.PgConnection.<init>(PgConnection.java:273)
	at org.postgresql.Driver.makeConnection(Driver.java:446)
	at org.postgresql.Driver.connect(Driver.java:298)
	at com.zaxxer.hikari.util.DriverDataSource.getConnection(DriverDataSource.java:137)
	at com.zaxxer.hikari.pool.PoolBase.newConnection(PoolBase.java:360)
	at com.zaxxer.hikari.pool.PoolBase.newPoolEntry(PoolBase.java:202)
	at com.zaxxer.hikari.pool.HikariPool.createPoolEntry(HikariPool.java:461)
	at com.zaxxer.hikari.pool.HikariPool.checkFailFast(HikariPool.java:550)
	at com.zaxxer.hikari.pool.HikariPool.<init>(HikariPool.java:98)
	at com.zaxxer.hikari.HikariDataSource.getConnection(HikariDataSource.java:111)
	at org.hibernate.engine.jdbc.connections.internal.DatasourceConnectionProviderImpl.getConnection(DatasourceConnectionProviderImpl.java:122)
	at org.hibernate.engine.jdbc.env.internal.JdbcEnvironmentInitiator$ConnectionProviderJdbcConnectionAccess.obtainConnection(JdbcEnvironmentInitiator.java:439)
	at org.hibernate.resource.transaction.backend.jdbc.internal.DdlTransactionIsolatorNonJtaImpl.getIsolatedConnection(DdlTransactionIsolatorNonJtaImpl.java:46)
	... 61 more
Caused by: java.net.ConnectException: Connection refused: getsockopt
	at java.base/sun.nio.ch.Net.pollConnect(Native Method)
	at java.base/sun.nio.ch.Net.pollConnectNow(Net.java:682)
	at java.base/sun.nio.ch.NioSocketImpl.timedFinishConnect(NioSocketImpl.java:542)
	at java.base/sun.nio.ch.NioSocketImpl.connect(NioSocketImpl.java:592)
	at java.base/java.net.SocksSocketImpl.connect(SocksSocketImpl.java:327)
	at java.base/java.net.Socket.connect(Socket.java:752)
	at org.postgresql.core.PGStream.createSocket(PGStream.java:260)
	at org.postgresql.core.PGStream.<init>(PGStream.java:121)
	at org.postgresql.core.v3.ConnectionFactoryImpl.tryConnect(ConnectionFactoryImpl.java:140)
	at org.postgresql.core.v3.ConnectionFactoryImpl.openConnectionImpl(ConnectionFactoryImpl.java:268)
	... 75 more
]]></error>
    <system-out><![CDATA[16:56:07.053 [main] INFO org.springframework.test.context.support.AnnotationConfigContextLoaderUtils -- Could not detect default configuration classes for test class [com.inovamed.clinical_study_system.ClinicalStudySystemApplicationTests]: ClinicalStudySystemApplicationTests does not declare any static, non-private, non-final, nested classes annotated with @Configuration.
16:56:07.201 [main] INFO org.springframework.boot.test.context.SpringBootTestContextBootstrapper -- Found @SpringBootConfiguration com.inovamed.clinical_study_system.ClinicalStudySystemApplication for test class com.inovamed.clinical_study_system.ClinicalStudySystemApplicationTests
16:56:07.421 [main] INFO org.springframework.boot.devtools.restart.RestartApplicationListener -- Restart disabled due to context in which it is running

  .   ____          _            __ _ _
 /\\ / ___'_ __ _ _(_)_ __  __ _ \ \ \ \
( ( )\___ | '_ | '_| | '_ \/ _` | \ \ \ \
 \\/  ___)| |_)| | | | | || (_| |  ) ) ) )
  '  |____| .__|_| |_|_| |_\__, | / / / /
 =========|_|==============|___/=/_/_/_/

 :: Spring Boot ::                (v3.3.5)

2024-11-19T16:56:07.815-03:00  INFO 11752 --- [clinical-study-system] [           main] .i.c.ClinicalStudySystemApplicationTests : Starting ClinicalStudySystemApplicationTests using Java 22.0.1 with PID 11752 (started by deco_ in C:\Users\deco_\OneDrive\Área de Trabalho\nassau\projeto-4\codigo\inovamed-\backend)
2024-11-19T16:56:07.816-03:00  INFO 11752 --- [clinical-study-system] [           main] .i.c.ClinicalStudySystemApplicationTests : The following 1 profile is active: "prd"
2024-11-19T16:56:07.816-03:00 DEBUG 11752 --- [clinical-study-system] [           main] o.s.boot.SpringApplication               : Loading source class com.inovamed.clinical_study_system.ClinicalStudySystemApplication
2024-11-19T16:56:07.860-03:00 DEBUG 11752 --- [clinical-study-system] [           main] o.s.w.c.s.GenericWebApplicationContext   : Refreshing org.springframework.web.context.support.GenericWebApplicationContext@7f4d9395
2024-11-19T16:56:07.888-03:00 DEBUG 11752 --- [clinical-study-system] [           main] o.s.b.f.s.DefaultListableBeanFactory     : Creating shared instance of singleton bean 'org.springframework.context.annotation.internalConfigurationAnnotationProcessor'
2024-11-19T16:56:07.905-03:00 DEBUG 11752 --- [clinical-study-system] [           main] o.s.b.f.s.DefaultListableBeanFactory     : Creating shared instance of singleton bean 'org.springframework.boot.autoconfigure.internalCachingMetadataReaderFactory'
2024-11-19T16:56:07.994-03:00 DEBUG 11752 --- [clinical-study-system] [           main] o.s.c.a.ClassPathBeanDefinitionScanner   : Identified candidate component class: file [C:\Users\deco_\OneDrive\Área de Trabalho\nassau\projeto-4\codigo\inovamed-\backend\target\classes\com\inovamed\clinical_study_system\config\JacksonConfig.class]
2024-11-19T16:56:07.996-03:00 DEBUG 11752 --- [clinical-study-system] [           main] o.s.c.a.ClassPathBeanDefinitionScanner   : Identified candidate component class: file [C:\Users\deco_\OneDrive\Área de Trabalho\nassau\projeto-4\codigo\inovamed-\backend\target\classes\com\inovamed\clinical_study_system\config\SimpleCORSFilter.class]
2024-11-19T16:56:08.014-03:00 DEBUG 11752 --- [clinical-study-system] [           main] o.s.c.a.ClassPathBeanDefinitionScanner   : Identified candidate component class: file [C:\Users\deco_\OneDrive\Área de Trabalho\nassau\projeto-4\codigo\inovamed-\backend\target\classes\com\inovamed\clinical_study_system\controller\AttachmentController.class]
2024-11-19T16:56:08.015-03:00 DEBUG 11752 --- [clinical-study-system] [           main] o.s.c.a.ClassPathBeanDefinitionScanner   : Identified candidate component class: file [C:\Users\deco_\OneDrive\Área de Trabalho\nassau\projeto-4\codigo\inovamed-\backend\target\classes\com\inovamed\clinical_study_system\controller\AuthenticationController.class]
2024-11-19T16:56:08.017-03:00 DEBUG 11752 --- [clinical-study-system] [           main] o.s.c.a.ClassPathBeanDefinitionScanner   : Identified candidate component class: file [C:\Users\deco_\OneDrive\Área de Trabalho\nassau\projeto-4\codigo\inovamed-\backend\target\classes\com\inovamed\clinical_study_system\controller\ClinicalRepresentativeController.class]
2024-11-19T16:56:08.018-03:00 DEBUG 11752 --- [clinical-study-system] [           main] o.s.c.a.ClassPathBeanDefinitionScanner   : Identified candidate component class: file [C:\Users\deco_\OneDrive\Área de Trabalho\nassau\projeto-4\codigo\inovamed-\backend\target\classes\com\inovamed\clinical_study_system\controller\DigitalSignatureController.class]
2024-11-19T16:56:08.019-03:00 DEBUG 11752 --- [clinical-study-system] [           main] o.s.c.a.ClassPathBeanDefinitionScanner   : Identified candidate component class: file [C:\Users\deco_\OneDrive\Área de Trabalho\nassau\projeto-4\codigo\inovamed-\backend\target\classes\com\inovamed\clinical_study_system\controller\DoctorController.class]
2024-11-19T16:56:08.020-03:00 DEBUG 11752 --- [clinical-study-system] [           main] o.s.c.a.ClassPathBeanDefinitionScanner   : Identified candidate component class: file [C:\Users\deco_\OneDrive\Área de Trabalho\nassau\projeto-4\codigo\inovamed-\backend\target\classes\com\inovamed\clinical_study_system\controller\NotificationController.class]
2024-11-19T16:56:08.021-03:00 DEBUG 11752 --- [clinical-study-system] [           main] o.s.c.a.ClassPathBeanDefinitionScanner   : Identified candidate component class: file [C:\Users\deco_\OneDrive\Área de Trabalho\nassau\projeto-4\codigo\inovamed-\backend\target\classes\com\inovamed\clinical_study_system\controller\PatientController.class]
2024-11-19T16:56:08.025-03:00 DEBUG 11752 --- [clinical-study-system] [           main] o.s.c.a.ClassPathBeanDefinitionScanner   : Identified candidate component class: file [C:\Users\deco_\OneDrive\Área de Trabalho\nassau\projeto-4\codigo\inovamed-\backend\target\classes\com\inovamed\clinical_study_system\controller\ResearchController.class]
2024-11-19T16:56:08.027-03:00 DEBUG 11752 --- [clinical-study-system] [           main] o.s.c.a.ClassPathBeanDefinitionScanner   : Identified candidate component class: file [C:\Users\deco_\OneDrive\Área de Trabalho\nassau\projeto-4\codigo\inovamed-\backend\target\classes\com\inovamed\clinical_study_system\controller\UserController.class]
2024-11-19T16:56:08.050-03:00 DEBUG 11752 --- [clinical-study-system] [           main] o.s.c.a.ClassPathBeanDefinitionScanner   : Identified candidate component class: file [C:\Users\deco_\OneDrive\Área de Trabalho\nassau\projeto-4\codigo\inovamed-\backend\target\classes\com\inovamed\clinical_study_system\infra\GlobalExceptionHandler.class]
2024-11-19T16:56:08.087-03:00 DEBUG 11752 --- [clinical-study-system] [           main] o.s.c.a.ClassPathBeanDefinitionScanner   : Ignored because not a concrete top-level class: file [C:\Users\deco_\OneDrive\Área de Trabalho\nassau\projeto-4\codigo\inovamed-\backend\target\classes\com\inovamed\clinical_study_system\repository\ApplicationRepository.class]
2024-11-19T16:56:08.089-03:00 DEBUG 11752 --- [clinical-study-system] [           main] o.s.c.a.ClassPathBeanDefinitionScanner   : Ignored because not a concrete top-level class: file [C:\Users\deco_\OneDrive\Área de Trabalho\nassau\projeto-4\codigo\inovamed-\backend\target\classes\com\inovamed\clinical_study_system\repository\AttachmentRepository.class]
2024-11-19T16:56:08.090-03:00 DEBUG 11752 --- [clinical-study-system] [           main] o.s.c.a.ClassPathBeanDefinitionScanner   : Ignored because not a concrete top-level class: file [C:\Users\deco_\OneDrive\Área de Trabalho\nassau\projeto-4\codigo\inovamed-\backend\target\classes\com\inovamed\clinical_study_system\repository\ClinicalStudyRepresentiveRepository.class]
2024-11-19T16:56:08.091-03:00 DEBUG 11752 --- [clinical-study-system] [           main] o.s.c.a.ClassPathBeanDefinitionScanner   : Ignored because not a concrete top-level class: file [C:\Users\deco_\OneDrive\Área de Trabalho\nassau\projeto-4\codigo\inovamed-\backend\target\classes\com\inovamed\clinical_study_system\repository\DigitalSignatureRepository.class]
2024-11-19T16:56:08.093-03:00 DEBUG 11752 --- [clinical-study-system] [           main] o.s.c.a.ClassPathBeanDefinitionScanner   : Ignored because not a concrete top-level class: file [C:\Users\deco_\OneDrive\Área de Trabalho\nassau\projeto-4\codigo\inovamed-\backend\target\classes\com\inovamed\clinical_study_system\repository\DoctorRepository.class]
2024-11-19T16:56:08.094-03:00 DEBUG 11752 --- [clinical-study-system] [           main] o.s.c.a.ClassPathBeanDefinitionScanner   : Ignored because not a concrete top-level class: file [C:\Users\deco_\OneDrive\Área de Trabalho\nassau\projeto-4\codigo\inovamed-\backend\target\classes\com\inovamed\clinical_study_system\repository\NotificationRepository.class]
2024-11-19T16:56:08.096-03:00 DEBUG 11752 --- [clinical-study-system] [           main] o.s.c.a.ClassPathBeanDefinitionScanner   : Ignored because not a concrete top-level class: file [C:\Users\deco_\OneDrive\Área de Trabalho\nassau\projeto-4\codigo\inovamed-\backend\target\classes\com\inovamed\clinical_study_system\repository\ResearchRepository.class]
2024-11-19T16:56:08.098-03:00 DEBUG 11752 --- [clinical-study-system] [           main] o.s.c.a.ClassPathBeanDefinitionScanner   : Ignored because not a concrete top-level class: file [C:\Users\deco_\OneDrive\Área de Trabalho\nassau\projeto-4\codigo\inovamed-\backend\target\classes\com\inovamed\clinical_study_system\repository\UserRepository.class]
2024-11-19T16:56:08.099-03:00 DEBUG 11752 --- [clinical-study-system] [           main] o.s.c.a.ClassPathBeanDefinitionScanner   : Identified candidate component class: file [C:\Users\deco_\OneDrive\Área de Trabalho\nassau\projeto-4\codigo\inovamed-\backend\target\classes\com\inovamed\clinical_study_system\security\SecurityFilter.class]
2024-11-19T16:56:08.107-03:00 DEBUG 11752 --- [clinical-study-system] [           main] o.s.c.a.ClassPathBeanDefinitionScanner   : Identified candidate component class: file [C:\Users\deco_\OneDrive\Área de Trabalho\nassau\projeto-4\codigo\inovamed-\backend\target\classes\com\inovamed\clinical_study_system\security\WebSecurityConfig.class]
2024-11-19T16:56:08.110-03:00 DEBUG 11752 --- [clinical-study-system] [           main] o.s.c.a.ClassPathBeanDefinitionScanner   : Identified candidate component class: file [C:\Users\deco_\OneDrive\Área de Trabalho\nassau\projeto-4\codigo\inovamed-\backend\target\classes\com\inovamed\clinical_study_system\service\attachment\AttachmentService.class]
2024-11-19T16:56:08.112-03:00 DEBUG 11752 --- [clinical-study-system] [           main] o.s.c.a.ClassPathBeanDefinitionScanner   : Identified candidate component class: file [C:\Users\deco_\OneDrive\Área de Trabalho\nassau\projeto-4\codigo\inovamed-\backend\target\classes\com\inovamed\clinical_study_system\service\authorization\AuthorizationService.class]
2024-11-19T16:56:08.113-03:00 DEBUG 11752 --- [clinical-study-system] [           main] o.s.c.a.ClassPathBeanDefinitionScanner   : Identified candidate component class: file [C:\Users\deco_\OneDrive\Área de Trabalho\nassau\projeto-4\codigo\inovamed-\backend\target\classes\com\inovamed\clinical_study_system\service\clinical_study_representative\ClinicalRepresentativeDTOMapperService.class]
2024-11-19T16:56:08.114-03:00 DEBUG 11752 --- [clinical-study-system] [           main] o.s.c.a.ClassPathBeanDefinitionScanner   : Identified candidate component class: file [C:\Users\deco_\OneDrive\Área de Trabalho\nassau\projeto-4\codigo\inovamed-\backend\target\classes\com\inovamed\clinical_study_system\service\clinical_study_representative\CreateClinicalRepresentativeService.class]
2024-11-19T16:56:08.115-03:00 DEBUG 11752 --- [clinical-study-system] [           main] o.s.c.a.ClassPathBeanDefinitionScanner   : Identified candidate component class: file [C:\Users\deco_\OneDrive\Área de Trabalho\nassau\projeto-4\codigo\inovamed-\backend\target\classes\com\inovamed\clinical_study_system\service\clinical_study_representative\DeleteByIdClinicalRepresentativeService.class]
2024-11-19T16:56:08.115-03:00 DEBUG 11752 --- [clinical-study-system] [           main] o.s.c.a.ClassPathBeanDefinitionScanner   : Identified candidate component class: file [C:\Users\deco_\OneDrive\Área de Trabalho\nassau\projeto-4\codigo\inovamed-\backend\target\classes\com\inovamed\clinical_study_system\service\clinical_study_representative\FindAllClinicalRepresentativeService.class]
2024-11-19T16:56:08.116-03:00 DEBUG 11752 --- [clinical-study-system] [           main] o.s.c.a.ClassPathBeanDefinitionScanner   : Identified candidate component class: file [C:\Users\deco_\OneDrive\Área de Trabalho\nassau\projeto-4\codigo\inovamed-\backend\target\classes\com\inovamed\clinical_study_system\service\clinical_study_representative\FindByIdClinicalRepresentativeService.class]
2024-11-19T16:56:08.118-03:00 DEBUG 11752 --- [clinical-study-system] [           main] o.s.c.a.ClassPathBeanDefinitionScanner   : Identified candidate component class: file [C:\Users\deco_\OneDrive\Área de Trabalho\nassau\projeto-4\codigo\inovamed-\backend\target\classes\com\inovamed\clinical_study_system\service\clinical_study_representative\UpdateClinicalRepresentativeService.class]
2024-11-19T16:56:08.119-03:00 DEBUG 11752 --- [clinical-study-system] [           main] o.s.c.a.ClassPathBeanDefinitionScanner   : Identified candidate component class: file [C:\Users\deco_\OneDrive\Área de Trabalho\nassau\projeto-4\codigo\inovamed-\backend\target\classes\com\inovamed\clinical_study_system\service\digital_signature\CreateDigitalSignatureService.class]
2024-11-19T16:56:08.121-03:00 DEBUG 11752 --- [clinical-study-system] [           main] o.s.c.a.ClassPathBeanDefinitionScanner   : Identified candidate component class: file [C:\Users\deco_\OneDrive\Área de Trabalho\nassau\projeto-4\codigo\inovamed-\backend\target\classes\com\inovamed\clinical_study_system\service\digital_signature\DeactivateDigitalSignatureService.class]
2024-11-19T16:56:08.123-03:00 DEBUG 11752 --- [clinical-study-system] [           main] o.s.c.a.ClassPathBeanDefinitionScanner   : Identified candidate component class: file [C:\Users\deco_\OneDrive\Área de Trabalho\nassau\projeto-4\codigo\inovamed-\backend\target\classes\com\inovamed\clinical_study_system\service\digital_signature\DigitalSignatureMapperDTOService.class]
2024-11-19T16:56:08.124-03:00 DEBUG 11752 --- [clinical-study-system] [           main] o.s.c.a.ClassPathBeanDefinitionScanner   : Identified candidate component class: file [C:\Users\deco_\OneDrive\Área de Trabalho\nassau\projeto-4\codigo\inovamed-\backend\target\classes\com\inovamed\clinical_study_system\service\digital_signature\VerifyDigitalSignatureService.class]
2024-11-19T16:56:08.126-03:00 DEBUG 11752 --- [clinical-study-system] [           main] o.s.c.a.ClassPathBeanDefinitionScanner   : Identified candidate component class: file [C:\Users\deco_\OneDrive\Área de Trabalho\nassau\projeto-4\codigo\inovamed-\backend\target\classes\com\inovamed\clinical_study_system\service\doctor\CreateDoctorService.class]
2024-11-19T16:56:08.128-03:00 DEBUG 11752 --- [clinical-study-system] [           main] o.s.c.a.ClassPathBeanDefinitionScanner   : Identified candidate component class: file [C:\Users\deco_\OneDrive\Área de Trabalho\nassau\projeto-4\codigo\inovamed-\backend\target\classes\com\inovamed\clinical_study_system\service\doctor\DeleteDoctorService.class]
2024-11-19T16:56:08.129-03:00 DEBUG 11752 --- [clinical-study-system] [           main] o.s.c.a.ClassPathBeanDefinitionScanner   : Identified candidate component class: file [C:\Users\deco_\OneDrive\Área de Trabalho\nassau\projeto-4\codigo\inovamed-\backend\target\classes\com\inovamed\clinical_study_system\service\doctor\DoctorDTOMapperService.class]
2024-11-19T16:56:08.130-03:00 DEBUG 11752 --- [clinical-study-system] [           main] o.s.c.a.ClassPathBeanDefinitionScanner   : Identified candidate component class: file [C:\Users\deco_\OneDrive\Área de Trabalho\nassau\projeto-4\codigo\inovamed-\backend\target\classes\com\inovamed\clinical_study_system\service\doctor\FindAllDoctorService.class]
2024-11-19T16:56:08.132-03:00 DEBUG 11752 --- [clinical-study-system] [           main] o.s.c.a.ClassPathBeanDefinitionScanner   : Identified candidate component class: file [C:\Users\deco_\OneDrive\Área de Trabalho\nassau\projeto-4\codigo\inovamed-\backend\target\classes\com\inovamed\clinical_study_system\service\doctor\FindByIdDoctorService.class]
2024-11-19T16:56:08.133-03:00 DEBUG 11752 --- [clinical-study-system] [           main] o.s.c.a.ClassPathBeanDefinitionScanner   : Identified candidate component class: file [C:\Users\deco_\OneDrive\Área de Trabalho\nassau\projeto-4\codigo\inovamed-\backend\target\classes\com\inovamed\clinical_study_system\service\doctor\UpdateDoctorService.class]
2024-11-19T16:56:08.135-03:00 DEBUG 11752 --- [clinical-study-system] [           main] o.s.c.a.ClassPathBeanDefinitionScanner   : Identified candidate component class: file [C:\Users\deco_\OneDrive\Área de Trabalho\nassau\projeto-4\codigo\inovamed-\backend\target\classes\com\inovamed\clinical_study_system\service\notification\CreateNotificationService.class]
2024-11-19T16:56:08.136-03:00 DEBUG 11752 --- [clinical-study-system] [           main] o.s.c.a.ClassPathBeanDefinitionScanner   : Identified candidate component class: file [C:\Users\deco_\OneDrive\Área de Trabalho\nassau\projeto-4\codigo\inovamed-\backend\target\classes\com\inovamed\clinical_study_system\service\notification\DeleteNotificationService.class]
2024-11-19T16:56:08.137-03:00 DEBUG 11752 --- [clinical-study-system] [           main] o.s.c.a.ClassPathBeanDefinitionScanner   : Identified candidate component class: file [C:\Users\deco_\OneDrive\Área de Trabalho\nassau\projeto-4\codigo\inovamed-\backend\target\classes\com\inovamed\clinical_study_system\service\notification\FindAllNotificationService.class]
2024-11-19T16:56:08.138-03:00 DEBUG 11752 --- [clinical-study-system] [           main] o.s.c.a.ClassPathBeanDefinitionScanner   : Identified candidate component class: file [C:\Users\deco_\OneDrive\Área de Trabalho\nassau\projeto-4\codigo\inovamed-\backend\target\classes\com\inovamed\clinical_study_system\service\notification\FindByIdNotificationService.class]
2024-11-19T16:56:08.139-03:00 DEBUG 11752 --- [clinical-study-system] [           main] o.s.c.a.ClassPathBeanDefinitionScanner   : Identified candidate component class: file [C:\Users\deco_\OneDrive\Área de Trabalho\nassau\projeto-4\codigo\inovamed-\backend\target\classes\com\inovamed\clinical_study_system\service\notification\NotificationDTOMapperService.class]
2024-11-19T16:56:08.139-03:00 DEBUG 11752 --- [clinical-study-system] [           main] o.s.c.a.ClassPathBeanDefinitionScanner   : Identified candidate component class: file [C:\Users\deco_\OneDrive\Área de Trabalho\nassau\projeto-4\codigo\inovamed-\backend\target\classes\com\inovamed\clinical_study_system\service\patient\CreatePatientService.class]
2024-11-19T16:56:08.140-03:00 DEBUG 11752 --- [clinical-study-system] [           main] o.s.c.a.ClassPathBeanDefinitionScanner   : Identified candidate component class: file [C:\Users\deco_\OneDrive\Área de Trabalho\nassau\projeto-4\codigo\inovamed-\backend\target\classes\com\inovamed\clinical_study_system\service\patient\DeleteByIdPatientService.class]
2024-11-19T16:56:08.141-03:00 DEBUG 11752 --- [clinical-study-system] [           main] o.s.c.a.ClassPathBeanDefinitionScanner   : Identified candidate component class: file [C:\Users\deco_\OneDrive\Área de Trabalho\nassau\projeto-4\codigo\inovamed-\backend\target\classes\com\inovamed\clinical_study_system\service\patient\FindAllPatientsService.class]
2024-11-19T16:56:08.142-03:00 DEBUG 11752 --- [clinical-study-system] [           main] o.s.c.a.ClassPathBeanDefinitionScanner   : Identified candidate component class: file [C:\Users\deco_\OneDrive\Área de Trabalho\nassau\projeto-4\codigo\inovamed-\backend\target\classes\com\inovamed\clinical_study_system\service\patient\FindByIdPatientService.class]
2024-11-19T16:56:08.143-03:00 DEBUG 11752 --- [clinical-study-system] [           main] o.s.c.a.ClassPathBeanDefinitionScanner   : Identified candidate component class: file [C:\Users\deco_\OneDrive\Área de Trabalho\nassau\projeto-4\codigo\inovamed-\backend\target\classes\com\inovamed\clinical_study_system\service\patient\PatientDTOMapperService.class]
2024-11-19T16:56:08.144-03:00 DEBUG 11752 --- [clinical-study-system] [           main] o.s.c.a.ClassPathBeanDefinitionScanner   : Identified candidate component class: file [C:\Users\deco_\OneDrive\Área de Trabalho\nassau\projeto-4\codigo\inovamed-\backend\target\classes\com\inovamed\clinical_study_system\service\patient\UpdatePatientService.class]
2024-11-19T16:56:08.145-03:00 DEBUG 11752 --- [clinical-study-system] [           main] o.s.c.a.ClassPathBeanDefinitionScanner   : Identified candidate component class: file [C:\Users\deco_\OneDrive\Área de Trabalho\nassau\projeto-4\codigo\inovamed-\backend\target\classes\com\inovamed\clinical_study_system\service\research\AddRepresentativeInResearchService.class]
2024-11-19T16:56:08.146-03:00 DEBUG 11752 --- [clinical-study-system] [           main] o.s.c.a.ClassPathBeanDefinitionScanner   : Identified candidate component class: file [C:\Users\deco_\OneDrive\Área de Trabalho\nassau\projeto-4\codigo\inovamed-\backend\target\classes\com\inovamed\clinical_study_system\service\research\CreateResearchService.class]
2024-11-19T16:56:08.147-03:00 DEBUG 11752 --- [clinical-study-system] [           main] o.s.c.a.ClassPathBeanDefinitionScanner   : Identified candidate component class: file [C:\Users\deco_\OneDrive\Área de Trabalho\nassau\projeto-4\codigo\inovamed-\backend\target\classes\com\inovamed\clinical_study_system\service\research\DeleteByIdResearshService.class]
2024-11-19T16:56:08.148-03:00 DEBUG 11752 --- [clinical-study-system] [           main] o.s.c.a.ClassPathBeanDefinitionScanner   : Identified candidate component class: file [C:\Users\deco_\OneDrive\Área de Trabalho\nassau\projeto-4\codigo\inovamed-\backend\target\classes\com\inovamed\clinical_study_system\service\research\FindAllByUserIdResearchService.class]
2024-11-19T16:56:08.149-03:00 DEBUG 11752 --- [clinical-study-system] [           main] o.s.c.a.ClassPathBeanDefinitionScanner   : Identified candidate component class: file [C:\Users\deco_\OneDrive\Área de Trabalho\nassau\projeto-4\codigo\inovamed-\backend\target\classes\com\inovamed\clinical_study_system\service\research\FindAllFeaturesByUserIdResearchService.class]
2024-11-19T16:56:08.149-03:00 DEBUG 11752 --- [clinical-study-system] [           main] o.s.c.a.ClassPathBeanDefinitionScanner   : Identified candidate component class: file [C:\Users\deco_\OneDrive\Área de Trabalho\nassau\projeto-4\codigo\inovamed-\backend\target\classes\com\inovamed\clinical_study_system\service\research\FindAllFeaturesResearchService.class]
2024-11-19T16:56:08.150-03:00 DEBUG 11752 --- [clinical-study-system] [           main] o.s.c.a.ClassPathBeanDefinitionScanner   : Identified candidate component class: file [C:\Users\deco_\OneDrive\Área de Trabalho\nassau\projeto-4\codigo\inovamed-\backend\target\classes\com\inovamed\clinical_study_system\service\research\FindAllResearchService.class]
2024-11-19T16:56:08.151-03:00 DEBUG 11752 --- [clinical-study-system] [           main] o.s.c.a.ClassPathBeanDefinitionScanner   : Identified candidate component class: file [C:\Users\deco_\OneDrive\Área de Trabalho\nassau\projeto-4\codigo\inovamed-\backend\target\classes\com\inovamed\clinical_study_system\service\research\FindByCodeResearchService.class]
2024-11-19T16:56:08.152-03:00 DEBUG 11752 --- [clinical-study-system] [           main] o.s.c.a.ClassPathBeanDefinitionScanner   : Identified candidate component class: file [C:\Users\deco_\OneDrive\Área de Trabalho\nassau\projeto-4\codigo\inovamed-\backend\target\classes\com\inovamed\clinical_study_system\service\research\FindByIdResearchService.class]
2024-11-19T16:56:08.153-03:00 DEBUG 11752 --- [clinical-study-system] [           main] o.s.c.a.ClassPathBeanDefinitionScanner   : Identified candidate component class: file [C:\Users\deco_\OneDrive\Área de Trabalho\nassau\projeto-4\codigo\inovamed-\backend\target\classes\com\inovamed\clinical_study_system\service\research\ResearchDTOMapperService.class]
2024-11-19T16:56:08.154-03:00 DEBUG 11752 --- [clinical-study-system] [           main] o.s.c.a.ClassPathBeanDefinitionScanner   : Identified candidate component class: file [C:\Users\deco_\OneDrive\Área de Trabalho\nassau\projeto-4\codigo\inovamed-\backend\target\classes\com\inovamed\clinical_study_system\service\research\UpdateResearchByIdService.class]
2024-11-19T16:56:08.155-03:00 DEBUG 11752 --- [clinical-study-system] [           main] o.s.c.a.ClassPathBeanDefinitionScanner   : Identified candidate component class: file [C:\Users\deco_\OneDrive\Área de Trabalho\nassau\projeto-4\codigo\inovamed-\backend\target\classes\com\inovamed\clinical_study_system\service\research\UpdateResearchService.class]
2024-11-19T16:56:08.156-03:00 DEBUG 11752 --- [clinical-study-system] [           main] o.s.c.a.ClassPathBeanDefinitionScanner   : Identified candidate component class: file [C:\Users\deco_\OneDrive\Área de Trabalho\nassau\projeto-4\codigo\inovamed-\backend\target\classes\com\inovamed\clinical_study_system\service\token\TokenService.class]
2024-11-19T16:56:08.157-03:00 DEBUG 11752 --- [clinical-study-system] [           main] o.s.c.a.ClassPathBeanDefinitionScanner   : Identified candidate component class: file [C:\Users\deco_\OneDrive\Área de Trabalho\nassau\projeto-4\codigo\inovamed-\backend\target\classes\com\inovamed\clinical_study_system\service\UserService.class]
2024-11-19T16:56:08.700-03:00  INFO 11752 --- [clinical-study-system] [           main] .s.d.r.c.RepositoryConfigurationDelegate : Bootstrapping Spring Data JPA repositories in DEFAULT mode.
2024-11-19T16:56:08.709-03:00 DEBUG 11752 --- [clinical-study-system] [           main] .s.d.r.c.RepositoryConfigurationDelegate : Scanning for JPA repositories in packages com.inovamed.clinical_study_system.repository.
2024-11-19T16:56:08.718-03:00 DEBUG 11752 --- [clinical-study-system] [           main] o.s.d.r.c.RepositoryComponentProvider    : Identified candidate component class: file [C:\Users\deco_\OneDrive\Área de Trabalho\nassau\projeto-4\codigo\inovamed-\backend\target\classes\com\inovamed\clinical_study_system\repository\ApplicationRepository.class]
2024-11-19T16:56:08.718-03:00 DEBUG 11752 --- [clinical-study-system] [           main] o.s.d.r.c.RepositoryComponentProvider    : Identified candidate component class: file [C:\Users\deco_\OneDrive\Área de Trabalho\nassau\projeto-4\codigo\inovamed-\backend\target\classes\com\inovamed\clinical_study_system\repository\AttachmentRepository.class]
2024-11-19T16:56:08.718-03:00 DEBUG 11752 --- [clinical-study-system] [           main] o.s.d.r.c.RepositoryComponentProvider    : Identified candidate component class: file [C:\Users\deco_\OneDrive\Área de Trabalho\nassau\projeto-4\codigo\inovamed-\backend\target\classes\com\inovamed\clinical_study_system\repository\ClinicalStudyRepresentiveRepository.class]
2024-11-19T16:56:08.718-03:00 DEBUG 11752 --- [clinical-study-system] [           main] o.s.d.r.c.RepositoryComponentProvider    : Identified candidate component class: file [C:\Users\deco_\OneDrive\Área de Trabalho\nassau\projeto-4\codigo\inovamed-\backend\target\classes\com\inovamed\clinical_study_system\repository\DigitalSignatureRepository.class]
2024-11-19T16:56:08.718-03:00 DEBUG 11752 --- [clinical-study-system] [           main] o.s.d.r.c.RepositoryComponentProvider    : Identified candidate component class: file [C:\Users\deco_\OneDrive\Área de Trabalho\nassau\projeto-4\codigo\inovamed-\backend\target\classes\com\inovamed\clinical_study_system\repository\DoctorRepository.class]
2024-11-19T16:56:08.719-03:00 DEBUG 11752 --- [clinical-study-system] [           main] o.s.d.r.c.RepositoryComponentProvider    : Identified candidate component class: file [C:\Users\deco_\OneDrive\Área de Trabalho\nassau\projeto-4\codigo\inovamed-\backend\target\classes\com\inovamed\clinical_study_system\repository\NotificationRepository.class]
2024-11-19T16:56:08.719-03:00 DEBUG 11752 --- [clinical-study-system] [           main] o.s.d.r.c.RepositoryComponentProvider    : Identified candidate component class: file [C:\Users\deco_\OneDrive\Área de Trabalho\nassau\projeto-4\codigo\inovamed-\backend\target\classes\com\inovamed\clinical_study_system\repository\PatientRepository.class]
2024-11-19T16:56:08.719-03:00 DEBUG 11752 --- [clinical-study-system] [           main] o.s.d.r.c.RepositoryComponentProvider    : Identified candidate component class: file [C:\Users\deco_\OneDrive\Área de Trabalho\nassau\projeto-4\codigo\inovamed-\backend\target\classes\com\inovamed\clinical_study_system\repository\ResearchRepository.class]
2024-11-19T16:56:08.719-03:00 DEBUG 11752 --- [clinical-study-system] [           main] o.s.d.r.c.RepositoryComponentProvider    : Identified candidate component class: file [C:\Users\deco_\OneDrive\Área de Trabalho\nassau\projeto-4\codigo\inovamed-\backend\target\classes\com\inovamed\clinical_study_system\repository\UserRepository.class]
2024-11-19T16:56:08.815-03:00  INFO 11752 --- [clinical-study-system] [           main] .s.d.r.c.RepositoryConfigurationDelegate : Finished Spring Data repository scanning in 104 ms. Found 9 JPA repository interfaces.
2024-11-19T16:56:09.192-03:00 DEBUG 11752 --- [clinical-study-system] [           main] o.s.b.f.s.DefaultListableBeanFactory     : Creating shared instance of singleton bean 'springSecurityHandlerMappingIntrospectorBeanDefinitionRegistryPostProcessor'
2024-11-19T16:56:09.302-03:00 DEBUG 11752 --- [clinical-study-system] [           main] o.s.b.f.s.DefaultListableBeanFactory     : Creating shared instance of singleton bean 'propertySourcesPlaceholderConfigurer'
2024-11-19T16:56:09.307-03:00 DEBUG 11752 --- [clinical-study-system] [           main] o.s.b.f.s.DefaultListableBeanFactory     : Creating shared instance of singleton bean 'org.springframework.boot.test.mock.mockito.MockitoPostProcessor'
2024-11-19T16:56:09.314-03:00 DEBUG 11752 --- [clinical-study-system] [           main] o.s.b.f.s.DefaultListableBeanFactory     : Creating shared instance of singleton bean 'emBeanDefinitionRegistrarPostProcessor'
2024-11-19T16:56:09.315-03:00 DEBUG 11752 --- [clinical-study-system] [           main] o.s.b.f.s.DefaultListableBeanFactory     : Creating shared instance of singleton bean 'org.springframework.boot.sql.init.dependency.DatabaseInitializationDependencyConfigurer$DependsOnDatabaseInitializationPostProcessor'
2024-11-19T16:56:09.392-03:00 DEBUG 11752 --- [clinical-study-system] [           main] o.s.b.f.s.DefaultListableBeanFactory     : Creating shared instance of singleton bean 'org.springframework.context.event.internalEventListenerProcessor'
2024-11-19T16:56:09.393-03:00 DEBUG 11752 --- [clinical-study-system] [           main] o.s.b.f.s.DefaultListableBeanFactory     : Creating shared instance of singleton bean 'conversionServicePostProcessor'
2024-11-19T16:56:09.410-03:00 DEBUG 11752 --- [clinical-study-system] [           main] o.s.b.f.s.DefaultListableBeanFactory     : Creating shared instance of singleton bean 'preserveErrorControllerTargetClassPostProcessor'
2024-11-19T16:56:09.411-03:00 DEBUG 11752 --- [clinical-study-system] [           main] o.s.b.f.s.DefaultListableBeanFactory     : Creating shared instance of singleton bean 'org.springframework.context.event.internalEventListenerFactory'
2024-11-19T16:56:09.412-03:00 DEBUG 11752 --- [clinical-study-system] [           main] o.s.b.f.s.DefaultListableBeanFactory     : Creating shared instance of singleton bean 'org.springframework.transaction.config.internalTransactionalEventListenerFactory'
2024-11-19T16:56:09.416-03:00 DEBUG 11752 --- [clinical-study-system] [           main] o.s.b.f.s.DefaultListableBeanFactory     : Creating shared instance of singleton bean 'org.springframework.boot.test.mock.mockito.MockitoPostProcessor$SpyPostProcessor'
2024-11-19T16:56:09.417-03:00 DEBUG 11752 --- [clinical-study-system] [           main] o.s.b.f.s.DefaultListableBeanFactory     : Creating shared instance of singleton bean 'org.springframework.context.annotation.internalAutowiredAnnotationProcessor'
2024-11-19T16:56:09.419-03:00 DEBUG 11752 --- [clinical-study-system] [           main] o.s.b.f.s.DefaultListableBeanFactory     : Creating shared instance of singleton bean 'org.springframework.context.annotation.internalCommonAnnotationProcessor'
2024-11-19T16:56:09.424-03:00 DEBUG 11752 --- [clinical-study-system] [           main] o.s.b.f.s.DefaultListableBeanFactory     : Creating shared instance of singleton bean 'org.springframework.context.annotation.internalPersistenceAnnotationProcessor'
2024-11-19T16:56:09.425-03:00 DEBUG 11752 --- [clinical-study-system] [           main] o.s.b.f.s.DefaultListableBeanFactory     : Creating shared instance of singleton bean 'org.springframework.boot.context.properties.ConfigurationPropertiesBindingPostProcessor'
2024-11-19T16:56:09.425-03:00 DEBUG 11752 --- [clinical-study-system] [           main] o.s.b.f.s.DefaultListableBeanFactory     : Creating shared instance of singleton bean 'org.springframework.boot.context.internalConfigurationPropertiesBinder'
2024-11-19T16:56:09.427-03:00 DEBUG 11752 --- [clinical-study-system] [           main] o.s.b.f.s.DefaultListableBeanFactory     : Creating shared instance of singleton bean 'jdbcConnectionDetailsHikariBeanPostProcessor'
2024-11-19T16:56:09.431-03:00 DEBUG 11752 --- [clinical-study-system] [           main] o.s.b.f.s.DefaultListableBeanFactory     : Creating shared instance of singleton bean 'org.springframework.aop.config.internalAutoProxyCreator'
2024-11-19T16:56:09.459-03:00 DEBUG 11752 --- [clinical-study-system] [           main] o.s.b.f.s.DefaultListableBeanFactory     : Creating shared instance of singleton bean 'persistenceExceptionTranslationPostProcessor'
2024-11-19T16:56:09.475-03:00 DEBUG 11752 --- [clinical-study-system] [           main] o.s.b.f.s.DefaultListableBeanFactory     : Autowiring by type from bean name 'persistenceExceptionTranslationPostProcessor' via factory method to bean named 'environment'
2024-11-19T16:56:09.482-03:00 DEBUG 11752 --- [clinical-study-system] [           main] o.s.b.f.s.DefaultListableBeanFactory     : Creating shared instance of singleton bean 'webServerFactoryCustomizerBeanPostProcessor'
2024-11-19T16:56:09.482-03:00 DEBUG 11752 --- [clinical-study-system] [           main] o.s.b.f.s.DefaultListableBeanFactory     : Creating shared instance of singleton bean 'errorPageRegistrarBeanPostProcessor'
2024-11-19T16:56:09.483-03:00 DEBUG 11752 --- [clinical-study-system] [           main] o.s.b.f.s.DefaultListableBeanFactory     : Creating shared instance of singleton bean 'projectingArgumentResolverBeanPostProcessor'
2024-11-19T16:56:09.484-03:00 DEBUG 11752 --- [clinical-study-system] [           main] o.s.b.f.s.DefaultListableBeanFactory     : Creating shared instance of singleton bean 'org.springframework.transaction.config.internalTransactionAdvisor'
2024-11-19T16:56:09.485-03:00 DEBUG 11752 --- [clinical-study-system] [           main] o.s.b.f.s.DefaultListableBeanFactory     : Creating shared instance of singleton bean 'org.springframework.transaction.annotation.ProxyTransactionManagementConfiguration'
2024-11-19T16:56:09.493-03:00 DEBUG 11752 --- [clinical-study-system] [           main] o.s.b.f.s.DefaultListableBeanFactory     : Creating shared instance of singleton bean 'transactionAttributeSource'
2024-11-19T16:56:09.495-03:00 DEBUG 11752 --- [clinical-study-system] [           main] o.s.b.f.s.DefaultListableBeanFactory     : Creating shared instance of singleton bean 'transactionInterceptor'
2024-11-19T16:56:09.495-03:00 DEBUG 11752 --- [clinical-study-system] [           main] o.s.b.f.s.DefaultListableBeanFactory     : Autowiring by type from bean name 'transactionInterceptor' via factory method to bean named 'transactionAttributeSource'
2024-11-19T16:56:09.500-03:00 DEBUG 11752 --- [clinical-study-system] [           main] o.s.b.f.s.DefaultListableBeanFactory     : Autowiring by type from bean name 'org.springframework.transaction.config.internalTransactionAdvisor' via factory method to bean named 'transactionAttributeSource'
2024-11-19T16:56:09.500-03:00 DEBUG 11752 --- [clinical-study-system] [           main] o.s.b.f.s.DefaultListableBeanFactory     : Autowiring by type from bean name 'org.springframework.transaction.config.internalTransactionAdvisor' via factory method to bean named 'transactionInterceptor'
2024-11-19T16:56:09.532-03:00 DEBUG 11752 --- [clinical-study-system] [           main] o.s.u.c.s.UiApplicationContextUtils      : Unable to locate ThemeSource with name 'themeSource': using default [org.springframework.ui.context.support.ResourceBundleThemeSource@1d6751e3]
2024-11-19T16:56:09.533-03:00 DEBUG 11752 --- [clinical-study-system] [           main] o.s.b.f.s.DefaultListableBeanFactory     : Creating shared instance of singleton bean 'dataSourceScriptDatabaseInitializer'
2024-11-19T16:56:09.533-03:00 DEBUG 11752 --- [clinical-study-system] [           main] o.s.b.f.s.DefaultListableBeanFactory     : Creating shared instance of singleton bean 'org.springframework.boot.autoconfigure.sql.init.DataSourceInitializationConfiguration'
2024-11-19T16:56:09.535-03:00 DEBUG 11752 --- [clinical-study-system] [           main] o.s.b.f.s.DefaultListableBeanFactory     : Creating shared instance of singleton bean 'dataSource'
2024-11-19T16:56:09.535-03:00 DEBUG 11752 --- [clinical-study-system] [           main] o.s.b.f.s.DefaultListableBeanFactory     : Creating shared instance of singleton bean 'org.springframework.boot.autoconfigure.jdbc.DataSourceConfiguration$Hikari'
2024-11-19T16:56:09.536-03:00 DEBUG 11752 --- [clinical-study-system] [           main] o.s.b.f.s.DefaultListableBeanFactory     : Creating shared instance of singleton bean 'spring.datasource-org.springframework.boot.autoconfigure.jdbc.DataSourceProperties'
2024-11-19T16:56:09.538-03:00 DEBUG 11752 --- [clinical-study-system] [           main] o.s.b.f.s.DefaultListableBeanFactory     : Creating shared instance of singleton bean 'org.springframework.boot.context.properties.BoundConfigurationProperties'
2024-11-19T16:56:09.560-03:00 DEBUG 11752 --- [clinical-study-system] [           main] o.s.b.f.s.DefaultListableBeanFactory     : Creating shared instance of singleton bean 'jdbcConnectionDetails'
2024-11-19T16:56:09.560-03:00 DEBUG 11752 --- [clinical-study-system] [           main] o.s.b.f.s.DefaultListableBeanFactory     : Creating shared instance of singleton bean 'org.springframework.boot.autoconfigure.jdbc.DataSourceAutoConfiguration$PooledDataSourceConfiguration'
2024-11-19T16:56:09.562-03:00 DEBUG 11752 --- [clinical-study-system] [           main] o.s.b.f.s.DefaultListableBeanFactory     : Autowiring by type from bean name 'jdbcConnectionDetails' via factory method to bean named 'spring.datasource-org.springframework.boot.autoconfigure.jdbc.DataSourceProperties'
2024-11-19T16:56:09.562-03:00 DEBUG 11752 --- [clinical-study-system] [           main] o.s.b.f.s.DefaultListableBeanFactory     : Autowiring by type from bean name 'dataSource' via factory method to bean named 'spring.datasource-org.springframework.boot.autoconfigure.jdbc.DataSourceProperties'
2024-11-19T16:56:09.562-03:00 DEBUG 11752 --- [clinical-study-system] [           main] o.s.b.f.s.DefaultListableBeanFactory     : Autowiring by type from bean name 'dataSource' via factory method to bean named 'jdbcConnectionDetails'
2024-11-19T16:56:09.585-03:00 DEBUG 11752 --- [clinical-study-system] [           main] o.s.b.f.s.DefaultListableBeanFactory     : Creating shared instance of singleton bean 'spring.sql.init-org.springframework.boot.autoconfigure.sql.init.SqlInitializationProperties'
2024-11-19T16:56:09.587-03:00 DEBUG 11752 --- [clinical-study-system] [           main] o.s.b.f.s.DefaultListableBeanFactory     : Autowiring by type from bean name 'dataSourceScriptDatabaseInitializer' via factory method to bean named 'dataSource'
2024-11-19T16:56:09.587-03:00 DEBUG 11752 --- [clinical-study-system] [           main] o.s.b.f.s.DefaultListableBeanFactory     : Autowiring by type from bean name 'dataSourceScriptDatabaseInitializer' via factory method to bean named 'spring.sql.init-org.springframework.boot.autoconfigure.sql.init.SqlInitializationProperties'
2024-11-19T16:56:09.593-03:00 DEBUG 11752 --- [clinical-study-system] [           main] o.s.b.f.s.DefaultListableBeanFactory     : Creating shared instance of singleton bean 'entityManagerFactory'
2024-11-19T16:56:09.593-03:00 DEBUG 11752 --- [clinical-study-system] [           main] o.s.b.f.s.DefaultListableBeanFactory     : Creating shared instance of singleton bean 'org.springframework.boot.autoconfigure.orm.jpa.HibernateJpaConfiguration'
2024-11-19T16:56:09.594-03:00 DEBUG 11752 --- [clinical-study-system] [           main] o.s.b.f.s.DefaultListableBeanFactory     : Creating shared instance of singleton bean 'spring.jpa-org.springframework.boot.autoconfigure.orm.jpa.JpaProperties'
2024-11-19T16:56:09.598-03:00 DEBUG 11752 --- [clinical-study-system] [           main] o.s.b.f.s.DefaultListableBeanFactory     : Creating shared instance of singleton bean 'spring.jpa.hibernate-org.springframework.boot.autoconfigure.orm.jpa.HibernateProperties'
2024-11-19T16:56:09.599-03:00 DEBUG 11752 --- [clinical-study-system] [           main] o.s.b.f.s.DefaultListableBeanFactory     : Autowiring by type from bean name 'org.springframework.boot.autoconfigure.orm.jpa.HibernateJpaConfiguration' via constructor to bean named 'dataSource'
2024-11-19T16:56:09.600-03:00 DEBUG 11752 --- [clinical-study-system] [           main] o.s.b.f.s.DefaultListableBeanFactory     : Autowiring by type from bean name 'org.springframework.boot.autoconfigure.orm.jpa.HibernateJpaConfiguration' via constructor to bean named 'spring.jpa-org.springframework.boot.autoconfigure.orm.jpa.JpaProperties'
2024-11-19T16:56:09.600-03:00 DEBUG 11752 --- [clinical-study-system] [           main] o.s.b.f.s.DefaultListableBeanFactory     : Autowiring by type from bean name 'org.springframework.boot.autoconfigure.orm.jpa.HibernateJpaConfiguration' via constructor to bean named 'org.springframework.beans.factory.support.DefaultListableBeanFactory@4bdcaf36'
2024-11-19T16:56:09.600-03:00 DEBUG 11752 --- [clinical-study-system] [           main] o.s.b.f.s.DefaultListableBeanFactory     : Autowiring by type from bean name 'org.springframework.boot.autoconfigure.orm.jpa.HibernateJpaConfiguration' via constructor to bean named 'spring.jpa.hibernate-org.springframework.boot.autoconfigure.orm.jpa.HibernateProperties'
2024-11-19T16:56:09.603-03:00 DEBUG 11752 --- [clinical-study-system] [           main] o.s.b.f.s.DefaultListableBeanFactory     : Creating shared instance of singleton bean 'hikariPoolDataSourceMetadataProvider'
2024-11-19T16:56:09.603-03:00 DEBUG 11752 --- [clinical-study-system] [           main] o.s.b.f.s.DefaultListableBeanFactory     : Creating shared instance of singleton bean 'org.springframework.boot.autoconfigure.jdbc.metadata.DataSourcePoolMetadataProvidersConfiguration$HikariPoolDataSourceMetadataProviderConfiguration'
2024-11-19T16:56:09.609-03:00 DEBUG 11752 --- [clinical-study-system] [           main] o.s.b.f.s.DefaultListableBeanFactory     : Creating shared instance of singleton bean 'entityManagerFactoryBuilder'
2024-11-19T16:56:09.610-03:00 DEBUG 11752 --- [clinical-study-system] [           main] o.s.b.f.s.DefaultListableBeanFactory     : Creating shared instance of singleton bean 'jpaVendorAdapter'
2024-11-19T16:56:09.631-03:00 DEBUG 11752 --- [clinical-study-system] [           main] o.s.b.f.s.DefaultListableBeanFactory     : Autowiring by type from bean name 'entityManagerFactoryBuilder' via factory method to bean named 'jpaVendorAdapter'
2024-11-19T16:56:09.636-03:00 DEBUG 11752 --- [clinical-study-system] [           main] o.s.b.f.s.DefaultListableBeanFactory     : Creating shared instance of singleton bean 'persistenceManagedTypes'
2024-11-19T16:56:09.638-03:00 DEBUG 11752 --- [clinical-study-system] [           main] o.s.b.f.s.DefaultListableBeanFactory     : Autowiring by type from bean name 'persistenceManagedTypes' via factory method to bean named 'org.springframework.beans.factory.support.DefaultListableBeanFactory@4bdcaf36'
2024-11-19T16:56:09.638-03:00 DEBUG 11752 --- [clinical-study-system] [           main] o.s.b.f.s.DefaultListableBeanFactory     : Autowiring by type from bean name 'persistenceManagedTypes' via factory method to bean named 'org.springframework.web.context.support.GenericWebApplicationContext@7f4d9395'
2024-11-19T16:56:09.641-03:00 DEBUG 11752 --- [clinical-study-system] [           main] o.s.b.f.s.DefaultListableBeanFactory     : Creating shared instance of singleton bean 'org.springframework.boot.autoconfigure.AutoConfigurationPackages'
2024-11-19T16:56:09.642-03:00 DEBUG 11752 --- [clinical-study-system] [           main] o.s.b.a.AutoConfigurationPackages        : @EnableAutoConfiguration was declared on a class in the package 'com.inovamed.clinical_study_system'. Automatic @Repository and @Entity scanning is enabled.
2024-11-19T16:56:09.660-03:00 DEBUG 11752 --- [clinical-study-system] [           main] o.s.b.f.s.DefaultListableBeanFactory     : Autowiring by type from bean name 'entityManagerFactory' via factory method to bean named 'entityManagerFactoryBuilder'
2024-11-19T16:56:09.660-03:00 DEBUG 11752 --- [clinical-study-system] [           main] o.s.b.f.s.DefaultListableBeanFactory     : Autowiring by type from bean name 'entityManagerFactory' via factory method to bean named 'persistenceManagedTypes'
2024-11-19T16:56:09.682-03:00 DEBUG 11752 --- [clinical-study-system] [           main] j.LocalContainerEntityManagerFactoryBean : Building JPA container EntityManagerFactory for persistence unit 'default'
2024-11-19T16:56:09.706-03:00 DEBUG 11752 --- [clinical-study-system] [           main] o.hibernate.jpa.internal.util.LogHelper  : PersistenceUnitInfo [
	name: default
	persistence provider classname: null
	classloader: jdk.internal.loader.ClassLoaders$AppClassLoader@70dea4e
	excludeUnlistedClasses: true
	JTA datasource: null
	Non JTA datasource: HikariDataSource (null)
	Transaction type: RESOURCE_LOCAL
	PU root URL: file:/C:/Users/deco_/OneDrive/%C3%81rea%20de%20Trabalho/nassau/projeto-4/codigo/inovamed-/backend/target/test-classes/
	Shared Cache Mode: UNSPECIFIED
	Validation Mode: AUTO
	Jar files URLs []
	Managed classes names [
		com.inovamed.clinical_study_system.model.application.Application
		com.inovamed.clinical_study_system.model.attachment.Attachment
		com.inovamed.clinical_study_system.model.clinical_study_representative.ClinicalStudyRepresentative
		com.inovamed.clinical_study_system.model.consent.Consent
		com.inovamed.clinical_study_system.model.digital_signature.DigitalSignature
		com.inovamed.clinical_study_system.model.doctor.Doctor
		com.inovamed.clinical_study_system.model.medical_history.MedicalHistory
		com.inovamed.clinical_study_system.model.notification.Notification
		com.inovamed.clinical_study_system.model.patient.Patient
		com.inovamed.clinical_study_system.model.research.Criteria
		com.inovamed.clinical_study_system.model.research.Phases
		com.inovamed.clinical_study_system.model.research.Research
		com.inovamed.clinical_study_system.model.research.StudyDuration
		com.inovamed.clinical_study_system.model.user.User]
	Mapping files names []
	Properties []
2024-11-19T16:56:09.722-03:00 DEBUG 11752 --- [clinical-study-system] [           main] o.h.i.internal.IntegratorServiceImpl     : Adding Integrator [org.hibernate.boot.beanvalidation.BeanValidationIntegrator].
2024-11-19T16:56:09.724-03:00 DEBUG 11752 --- [clinical-study-system] [           main] o.h.i.internal.IntegratorServiceImpl     : Adding Integrator [org.hibernate.cache.internal.CollectionCacheInvalidator].
2024-11-19T16:56:09.799-03:00  INFO 11752 --- [clinical-study-system] [           main] org.hibernate.Version                    : HHH000412: Hibernate ORM core version 6.5.3.Final
2024-11-19T16:56:09.801-03:00 DEBUG 11752 --- [clinical-study-system] [           main] org.hibernate.cfg.Environment            : HHH000206: 'hibernate.properties' not found
2024-11-19T16:56:09.842-03:00 DEBUG 11752 --- [clinical-study-system] [           main] org.hibernate.orm.idgen.factory          : Registering IdentifierGenerator strategy [uuid2] -> [org.hibernate.id.UUIDGenerator]
2024-11-19T16:56:09.843-03:00 DEBUG 11752 --- [clinical-study-system] [           main] org.hibernate.orm.idgen.factory          : Registering IdentifierGenerator strategy [guid] -> [org.hibernate.id.GUIDGenerator]
2024-11-19T16:56:09.844-03:00 DEBUG 11752 --- [clinical-study-system] [           main] org.hibernate.orm.idgen.factory          : Registering IdentifierGenerator strategy [uuid] -> [org.hibernate.id.UUIDHexGenerator]
2024-11-19T16:56:09.844-03:00 DEBUG 11752 --- [clinical-study-system] [           main] org.hibernate.orm.idgen.factory          : Registering IdentifierGenerator strategy [uuid.hex] -> [org.hibernate.id.UUIDHexGenerator]
2024-11-19T16:56:09.844-03:00 DEBUG 11752 --- [clinical-study-system] [           main] org.hibernate.orm.idgen.factory          : Registering IdentifierGenerator strategy [assigned] -> [org.hibernate.id.Assigned]
2024-11-19T16:56:09.845-03:00 DEBUG 11752 --- [clinical-study-system] [           main] org.hibernate.orm.idgen.factory          : Registering IdentifierGenerator strategy [identity] -> [org.hibernate.id.IdentityGenerator]
2024-11-19T16:56:09.846-03:00 DEBUG 11752 --- [clinical-study-system] [           main] org.hibernate.orm.idgen.factory          : Registering IdentifierGenerator strategy [select] -> [org.hibernate.id.SelectGenerator]
2024-11-19T16:56:09.846-03:00 DEBUG 11752 --- [clinical-study-system] [           main] org.hibernate.orm.idgen.factory          : Registering IdentifierGenerator strategy [sequence] -> [org.hibernate.id.enhanced.SequenceStyleGenerator]
2024-11-19T16:56:09.847-03:00 DEBUG 11752 --- [clinical-study-system] [           main] org.hibernate.orm.idgen.factory          : Registering IdentifierGenerator strategy [increment] -> [org.hibernate.id.IncrementGenerator]
2024-11-19T16:56:09.847-03:00 DEBUG 11752 --- [clinical-study-system] [           main] org.hibernate.orm.idgen.factory          : Registering IdentifierGenerator strategy [foreign] -> [org.hibernate.id.ForeignGenerator]
2024-11-19T16:56:09.847-03:00 DEBUG 11752 --- [clinical-study-system] [           main] org.hibernate.orm.idgen.factory          : Registering IdentifierGenerator strategy [enhanced-sequence] -> [org.hibernate.id.enhanced.SequenceStyleGenerator]
2024-11-19T16:56:09.848-03:00 DEBUG 11752 --- [clinical-study-system] [           main] org.hibernate.orm.idgen.factory          : Registering IdentifierGenerator strategy [enhanced-table] -> [org.hibernate.id.enhanced.TableGenerator]
2024-11-19T16:56:09.857-03:00 DEBUG 11752 --- [clinical-study-system] [           main] o.h.c.internal.RegionFactoryInitiator    : Cannot default RegionFactory based on registered strategies as `[]` RegionFactory strategies were registered
2024-11-19T16:56:09.859-03:00  INFO 11752 --- [clinical-study-system] [           main] o.h.c.internal.RegionFactoryInitiator    : HHH000026: Second-level cache disabled
2024-11-19T16:56:10.003-03:00 DEBUG 11752 --- [clinical-study-system] [           main] org.hibernate.type.BasicTypeRegistry     : Adding type registration boolean -> org.hibernate.type.BasicTypeReference@6bf570c
2024-11-19T16:56:10.003-03:00 DEBUG 11752 --- [clinical-study-system] [           main] org.hibernate.type.BasicTypeRegistry     : Adding type registration boolean -> org.hibernate.type.BasicTypeReference@6bf570c
2024-11-19T16:56:10.003-03:00 DEBUG 11752 --- [clinical-study-system] [           main] org.hibernate.type.BasicTypeRegistry     : Adding type registration java.lang.Boolean -> org.hibernate.type.BasicTypeReference@6bf570c
2024-11-19T16:56:10.003-03:00 DEBUG 11752 --- [clinical-study-system] [           main] org.hibernate.type.BasicTypeRegistry     : Adding type registration numeric_boolean -> org.hibernate.type.BasicTypeReference@1796b2d4
2024-11-19T16:56:10.003-03:00 DEBUG 11752 --- [clinical-study-system] [           main] org.hibernate.type.BasicTypeRegistry     : Adding type registration org.hibernate.type.NumericBooleanConverter -> org.hibernate.type.BasicTypeReference@1796b2d4
2024-11-19T16:56:10.003-03:00 DEBUG 11752 --- [clinical-study-system] [           main] org.hibernate.type.BasicTypeRegistry     : Adding type registration true_false -> org.hibernate.type.BasicTypeReference@935d3f9
2024-11-19T16:56:10.003-03:00 DEBUG 11752 --- [clinical-study-system] [           main] org.hibernate.type.BasicTypeRegistry     : Adding type registration org.hibernate.type.TrueFalseConverter -> org.hibernate.type.BasicTypeReference@935d3f9
2024-11-19T16:56:10.003-03:00 DEBUG 11752 --- [clinical-study-system] [           main] org.hibernate.type.BasicTypeRegistry     : Adding type registration yes_no -> org.hibernate.type.BasicTypeReference@214b342f
2024-11-19T16:56:10.003-03:00 DEBUG 11752 --- [clinical-study-system] [           main] org.hibernate.type.BasicTypeRegistry     : Adding type registration org.hibernate.type.YesNoConverter -> org.hibernate.type.BasicTypeReference@214b342f
2024-11-19T16:56:10.003-03:00 DEBUG 11752 --- [clinical-study-system] [           main] org.hibernate.type.BasicTypeRegistry     : Adding type registration byte -> org.hibernate.type.BasicTypeReference@5db0003d
2024-11-19T16:56:10.003-03:00 DEBUG 11752 --- [clinical-study-system] [           main] org.hibernate.type.BasicTypeRegistry     : Adding type registration byte -> org.hibernate.type.BasicTypeReference@5db0003d
2024-11-19T16:56:10.003-03:00 DEBUG 11752 --- [clinical-study-system] [           main] org.hibernate.type.BasicTypeRegistry     : Adding type registration java.lang.Byte -> org.hibernate.type.BasicTypeReference@5db0003d
2024-11-19T16:56:10.004-03:00 DEBUG 11752 --- [clinical-study-system] [           main] org.hibernate.type.BasicTypeRegistry     : Adding type registration binary -> org.hibernate.type.BasicTypeReference@7f12094d
2024-11-19T16:56:10.004-03:00 DEBUG 11752 --- [clinical-study-system] [           main] org.hibernate.type.BasicTypeRegistry     : Adding type registration byte[] -> org.hibernate.type.BasicTypeReference@7f12094d
2024-11-19T16:56:10.004-03:00 DEBUG 11752 --- [clinical-study-system] [           main] org.hibernate.type.BasicTypeRegistry     : Adding type registration [B -> org.hibernate.type.BasicTypeReference@7f12094d
2024-11-19T16:56:10.004-03:00 DEBUG 11752 --- [clinical-study-system] [           main] org.hibernate.type.BasicTypeRegistry     : Adding type registration binary_wrapper -> org.hibernate.type.BasicTypeReference@589fb74d
2024-11-19T16:56:10.004-03:00 DEBUG 11752 --- [clinical-study-system] [           main] org.hibernate.type.BasicTypeRegistry     : Adding type registration wrapper-binary -> org.hibernate.type.BasicTypeReference@589fb74d
2024-11-19T16:56:10.004-03:00 DEBUG 11752 --- [clinical-study-system] [           main] org.hibernate.type.BasicTypeRegistry     : Adding type registration image -> org.hibernate.type.BasicTypeReference@200d1a3d
2024-11-19T16:56:10.004-03:00 DEBUG 11752 --- [clinical-study-system] [           main] org.hibernate.type.BasicTypeRegistry     : Adding type registration blob -> org.hibernate.type.BasicTypeReference@7de147e9
2024-11-19T16:56:10.004-03:00 DEBUG 11752 --- [clinical-study-system] [           main] org.hibernate.type.BasicTypeRegistry     : Adding type registration java.sql.Blob -> org.hibernate.type.BasicTypeReference@7de147e9
2024-11-19T16:56:10.004-03:00 DEBUG 11752 --- [clinical-study-system] [           main] org.hibernate.type.BasicTypeRegistry     : Adding type registration materialized_blob -> org.hibernate.type.BasicTypeReference@12567179
2024-11-19T16:56:10.004-03:00 DEBUG 11752 --- [clinical-study-system] [           main] org.hibernate.type.BasicTypeRegistry     : Adding type registration materialized_blob_wrapper -> org.hibernate.type.BasicTypeReference@37d699a1
2024-11-19T16:56:10.004-03:00 DEBUG 11752 --- [clinical-study-system] [           main] org.hibernate.type.BasicTypeRegistry     : Adding type registration short -> org.hibernate.type.BasicTypeReference@7f42b194
2024-11-19T16:56:10.004-03:00 DEBUG 11752 --- [clinical-study-system] [           main] org.hibernate.type.BasicTypeRegistry     : Adding type registration short -> org.hibernate.type.BasicTypeReference@7f42b194
2024-11-19T16:56:10.004-03:00 DEBUG 11752 --- [clinical-study-system] [           main] org.hibernate.type.BasicTypeRegistry     : Adding type registration java.lang.Short -> org.hibernate.type.BasicTypeReference@7f42b194
2024-11-19T16:56:10.004-03:00 DEBUG 11752 --- [clinical-study-system] [           main] org.hibernate.type.BasicTypeRegistry     : Adding type registration integer -> org.hibernate.type.BasicTypeReference@8eb6f9a
2024-11-19T16:56:10.004-03:00 DEBUG 11752 --- [clinical-study-system] [           main] org.hibernate.type.BasicTypeRegistry     : Adding type registration int -> org.hibernate.type.BasicTypeReference@8eb6f9a
2024-11-19T16:56:10.004-03:00 DEBUG 11752 --- [clinical-study-system] [           main] org.hibernate.type.BasicTypeRegistry     : Adding type registration java.lang.Integer -> org.hibernate.type.BasicTypeReference@8eb6f9a
2024-11-19T16:56:10.004-03:00 DEBUG 11752 --- [clinical-study-system] [           main] org.hibernate.type.BasicTypeRegistry     : Adding type registration long -> org.hibernate.type.BasicTypeReference@29170a47
2024-11-19T16:56:10.004-03:00 DEBUG 11752 --- [clinical-study-system] [           main] org.hibernate.type.BasicTypeRegistry     : Adding type registration long -> org.hibernate.type.BasicTypeReference@29170a47
2024-11-19T16:56:10.004-03:00 DEBUG 11752 --- [clinical-study-system] [           main] org.hibernate.type.BasicTypeRegistry     : Adding type registration java.lang.Long -> org.hibernate.type.BasicTypeReference@29170a47
2024-11-19T16:56:10.004-03:00 DEBUG 11752 --- [clinical-study-system] [           main] org.hibernate.type.BasicTypeRegistry     : Adding type registration float -> org.hibernate.type.BasicTypeReference@2a8f8555
2024-11-19T16:56:10.004-03:00 DEBUG 11752 --- [clinical-study-system] [           main] org.hibernate.type.BasicTypeRegistry     : Adding type registration float -> org.hibernate.type.BasicTypeReference@2a8f8555
2024-11-19T16:56:10.005-03:00 DEBUG 11752 --- [clinical-study-system] [           main] org.hibernate.type.BasicTypeRegistry     : Adding type registration java.lang.Float -> org.hibernate.type.BasicTypeReference@2a8f8555
2024-11-19T16:56:10.005-03:00 DEBUG 11752 --- [clinical-study-system] [           main] org.hibernate.type.BasicTypeRegistry     : Adding type registration double -> org.hibernate.type.BasicTypeReference@402b4f81
2024-11-19T16:56:10.005-03:00 DEBUG 11752 --- [clinical-study-system] [           main] org.hibernate.type.BasicTypeRegistry     : Adding type registration double -> org.hibernate.type.BasicTypeReference@402b4f81
2024-11-19T16:56:10.005-03:00 DEBUG 11752 --- [clinical-study-system] [           main] org.hibernate.type.BasicTypeRegistry     : Adding type registration java.lang.Double -> org.hibernate.type.BasicTypeReference@402b4f81
2024-11-19T16:56:10.005-03:00 DEBUG 11752 --- [clinical-study-system] [           main] org.hibernate.type.BasicTypeRegistry     : Adding type registration big_integer -> org.hibernate.type.BasicTypeReference@13ef7fa1
2024-11-19T16:56:10.005-03:00 DEBUG 11752 --- [clinical-study-system] [           main] org.hibernate.type.BasicTypeRegistry     : Adding type registration java.math.BigInteger -> org.hibernate.type.BasicTypeReference@13ef7fa1
2024-11-19T16:56:10.005-03:00 DEBUG 11752 --- [clinical-study-system] [           main] org.hibernate.type.BasicTypeRegistry     : Adding type registration big_decimal -> org.hibernate.type.BasicTypeReference@23b1aa9
2024-11-19T16:56:10.005-03:00 DEBUG 11752 --- [clinical-study-system] [           main] org.hibernate.type.BasicTypeRegistry     : Adding type registration java.math.BigDecimal -> org.hibernate.type.BasicTypeReference@23b1aa9
2024-11-19T16:56:10.005-03:00 DEBUG 11752 --- [clinical-study-system] [           main] org.hibernate.type.BasicTypeRegistry     : Adding type registration character -> org.hibernate.type.BasicTypeReference@54489296
2024-11-19T16:56:10.005-03:00 DEBUG 11752 --- [clinical-study-system] [           main] org.hibernate.type.BasicTypeRegistry     : Adding type registration char -> org.hibernate.type.BasicTypeReference@54489296
2024-11-19T16:56:10.005-03:00 DEBUG 11752 --- [clinical-study-system] [           main] org.hibernate.type.BasicTypeRegistry     : Adding type registration java.lang.Character -> org.hibernate.type.BasicTypeReference@54489296
2024-11-19T16:56:10.005-03:00 DEBUG 11752 --- [clinical-study-system] [           main] org.hibernate.type.BasicTypeRegistry     : Adding type registration character_nchar -> org.hibernate.type.BasicTypeReference@4e8598d9
2024-11-19T16:56:10.005-03:00 DEBUG 11752 --- [clinical-study-system] [           main] org.hibernate.type.BasicTypeRegistry     : Adding type registration string -> org.hibernate.type.BasicTypeReference@267ff4df
2024-11-19T16:56:10.005-03:00 DEBUG 11752 --- [clinical-study-system] [           main] org.hibernate.type.BasicTypeRegistry     : Adding type registration java.lang.String -> org.hibernate.type.BasicTypeReference@267ff4df
2024-11-19T16:56:10.005-03:00 DEBUG 11752 --- [clinical-study-system] [           main] org.hibernate.type.BasicTypeRegistry     : Adding type registration nstring -> org.hibernate.type.BasicTypeReference@7c4b5ceb
2024-11-19T16:56:10.005-03:00 DEBUG 11752 --- [clinical-study-system] [           main] org.hibernate.type.BasicTypeRegistry     : Adding type registration characters -> org.hibernate.type.BasicTypeReference@6c07add6
2024-11-19T16:56:10.005-03:00 DEBUG 11752 --- [clinical-study-system] [           main] org.hibernate.type.BasicTypeRegistry     : Adding type registration char[] -> org.hibernate.type.BasicTypeReference@6c07add6
2024-11-19T16:56:10.005-03:00 DEBUG 11752 --- [clinical-study-system] [           main] org.hibernate.type.BasicTypeRegistry     : Adding type registration [C -> org.hibernate.type.BasicTypeReference@6c07add6
2024-11-19T16:56:10.005-03:00 DEBUG 11752 --- [clinical-study-system] [           main] org.hibernate.type.BasicTypeRegistry     : Adding type registration wrapper-characters -> org.hibernate.type.BasicTypeReference@e26a3df
2024-11-19T16:56:10.005-03:00 DEBUG 11752 --- [clinical-study-system] [           main] org.hibernate.type.BasicTypeRegistry     : Adding type registration text -> org.hibernate.type.BasicTypeReference@57a667c8
2024-11-19T16:56:10.005-03:00 DEBUG 11752 --- [clinical-study-system] [           main] org.hibernate.type.BasicTypeRegistry     : Adding type registration ntext -> org.hibernate.type.BasicTypeReference@712cd5d3
2024-11-19T16:56:10.005-03:00 DEBUG 11752 --- [clinical-study-system] [           main] org.hibernate.type.BasicTypeRegistry     : Adding type registration clob -> org.hibernate.type.BasicTypeReference@2094bf3d
2024-11-19T16:56:10.005-03:00 DEBUG 11752 --- [clinical-study-system] [           main] org.hibernate.type.BasicTypeRegistry     : Adding type registration java.sql.Clob -> org.hibernate.type.BasicTypeReference@2094bf3d
2024-11-19T16:56:10.006-03:00 DEBUG 11752 --- [clinical-study-system] [           main] org.hibernate.type.BasicTypeRegistry     : Adding type registration nclob -> org.hibernate.type.BasicTypeReference@1b17d8ab
2024-11-19T16:56:10.006-03:00 DEBUG 11752 --- [clinical-study-system] [           main] org.hibernate.type.BasicTypeRegistry     : Adding type registration java.sql.NClob -> org.hibernate.type.BasicTypeReference@1b17d8ab
[...]

   ReactiveWebServerFactoryAutoConfiguration:
      Did not match:
         - @ConditionalOnWebApplication did not find reactive web application classes (OnWebApplicationCondition)

   ReactorAutoConfiguration:
      Did not match:
         - @ConditionalOnClass did not find required class 'reactor.core.publisher.Hooks' (OnClassCondition)

   RedisAutoConfiguration:
      Did not match:
         - @ConditionalOnClass did not find required class 'org.springframework.data.redis.core.RedisOperations' (OnClassCondition)

   RedisCacheConfiguration:
      Did not match:
         - @ConditionalOnClass did not find required class 'org.springframework.data.redis.connection.RedisConnectionFactory' (OnClassCondition)

   RedisReactiveAutoConfiguration:
      Did not match:
         - @ConditionalOnClass did not find required class 'reactor.core.publisher.Flux' (OnClassCondition)

   RedisRepositoriesAutoConfiguration:
      Did not match:
         - @ConditionalOnClass did not find required class 'org.springframework.data.redis.repository.configuration.EnableRedisRepositories' (OnClassCondition)

   RemoteDevToolsAutoConfiguration:
      Did not match:
         - @ConditionalOnProperty (spring.devtools.remote.secret) did not find property 'secret' (OnPropertyCondition)
      Matched:
         - @ConditionalOnClass found required classes 'jakarta.servlet.Filter', 'org.springframework.http.server.ServerHttpRequest' (OnClassCondition)

   RepositoryRestMvcAutoConfiguration:
      Did not match:
         - @ConditionalOnClass did not find required class 'org.springframework.data.rest.webmvc.config.RepositoryRestMvcConfiguration' (OnClassCondition)

   Saml2RelyingPartyAutoConfiguration:
      Did not match:
         - @ConditionalOnClass did not find required class 'org.springframework.security.saml2.provider.service.registration.RelyingPartyRegistrationRepository' (OnClassCondition)

   SecurityDataConfiguration:
      Did not match:
         - @ConditionalOnClass did not find required class 'org.springframework.security.data.repository.query.SecurityEvaluationContextExtension' (OnClassCondition)

   SendGridAutoConfiguration:
      Did not match:
         - @ConditionalOnClass did not find required class 'com.sendgrid.SendGrid' (OnClassCondition)

   ServletWebServerFactoryAutoConfiguration.ForwardedHeaderFilterConfiguration:
      Did not match:
         - @ConditionalOnProperty (server.forward-headers-strategy=framework) did not find property 'server.forward-headers-strategy' (OnPropertyCondition)

   ServletWebServerFactoryConfiguration.EmbeddedJetty:
      Did not match:
         - @ConditionalOnClass did not find required classes 'org.eclipse.jetty.server.Server', 'org.eclipse.jetty.util.Loader', 'org.eclipse.jetty.ee10.webapp.WebAppContext' (OnClassCondition)

   ServletWebServerFactoryConfiguration.EmbeddedUndertow:
      Did not match:
         - @ConditionalOnClass did not find required classes 'io.undertow.Undertow', 'org.xnio.SslClientAuthMode' (OnClassCondition)

   SessionAutoConfiguration:
      Did not match:
         - @ConditionalOnClass did not find required class 'org.springframework.session.Session' (OnClassCondition)

   SpringApplicationAdminJmxAutoConfiguration:
      Did not match:
         - @ConditionalOnProperty (spring.application.admin.enabled=true) did not find property 'enabled' (OnPropertyCondition)

   SpringBootWebSecurityConfiguration.SecurityFilterChainConfiguration:
      Did not match:
         - AllNestedConditions 1 matched 1 did not; NestedCondition on DefaultWebSecurityCondition.Beans @ConditionalOnMissingBean (types: org.springframework.security.web.SecurityFilterChain; SearchStrategy: all) found beans of type 'org.springframework.security.web.SecurityFilterChain' securityFilterChain; NestedCondition on DefaultWebSecurityCondition.Classes @ConditionalOnClass found required classes 'org.springframework.security.web.SecurityFilterChain', 'org.springframework.security.config.annotation.web.builders.HttpSecurity' (DefaultWebSecurityCondition)

   SpringBootWebSecurityConfiguration.WebSecurityEnablerConfiguration:
      Did not match:
         - @ConditionalOnMissingBean (names: springSecurityFilterChain; SearchStrategy: all) found beans named springSecurityFilterChain (OnBeanCondition)
      Matched:
         - @ConditionalOnClass found required class 'org.springframework.security.config.annotation.web.configuration.EnableWebSecurity' (OnClassCondition)

   SpringDocConfiguration#propertiesResolverForSchema:
      Did not match:
         - @ConditionalOnProperty (springdoc.api-docs.resolve-schema-properties) did not find property 'springdoc.api-docs.resolve-schema-properties' (OnPropertyCondition)

   SpringDocConfiguration#propertyCustomizingConverter:
      Did not match:
         - @ConditionalOnBean (types: org.springdoc.core.customizers.PropertyCustomizer; SearchStrategy: all) did not find any beans of type org.springdoc.core.customizers.PropertyCustomizer (OnBeanCondition)

   SpringDocConfiguration#springdocBeanFactoryPostProcessor:
      Did not match:
         - AnyNestedCondition 0 matched 2 did not; NestedCondition on CacheOrGroupedOpenApiCondition.OnCacheDisabled found non-matching nested conditions @ConditionalOnProperty (springdoc.cache.disabled) did not find property 'springdoc.cache.disabled'; NestedCondition on CacheOrGroupedOpenApiCondition.OnMultipleOpenApiSupportCondition AnyNestedCondition 0 matched 2 did not; NestedCondition on MultipleOpenApiSupportCondition.OnActuatorDifferentPort @ConditionalOnProperty (springdoc.show-actuator) did not find property 'springdoc.show-actuator'; NestedCondition on MultipleOpenApiSupportCondition.OnMultipleOpenApiSupportCondition AnyNestedCondition 0 matched 2 did not; NestedCondition on MultipleOpenApiGroupsCondition.OnGroupConfigProperty @ConditionalOnProperty (springdoc.group-configs[0].group) did not find property 'springdoc.group-configs[0].group'; NestedCondition on MultipleOpenApiGroupsCondition.OnGroupedOpenApiBean @ConditionalOnBean (types: org.springdoc.core.models.GroupedOpenApi; SearchStrategy: all) did not find any beans of type org.springdoc.core.models.GroupedOpenApi (CacheOrGroupedOpenApiCondition)
      Matched:
         - @ConditionalOnClass found required class 'org.springframework.boot.context.properties.bind.BindResult' (OnClassCondition)

   SpringDocConfiguration#springdocBeanFactoryPostProcessor2:
      Did not match:
         - @ConditionalOnMissingClass found unwanted class 'org.springframework.boot.context.properties.bind.BindResult' (OnClassCondition)

   SpringDocConfiguration.SpringDocActuatorConfiguration:
      Did not match:
         - @ConditionalOnClass did not find required class 'org.springframework.boot.actuate.autoconfigure.endpoint.web.WebEndpointProperties' (OnClassCondition)

   SpringDocConfiguration.SpringDocRepositoryRestConfiguration:
      Did not match:
         - @ConditionalOnClass did not find required class 'org.springframework.data.rest.core.config.RepositoryRestConfiguration' (OnClassCondition)

   SpringDocConfiguration.SpringDocWebFluxSupportConfiguration:
      Did not match:
         - @ConditionalOnClass did not find required class 'reactor.core.publisher.Flux' (OnClassCondition)

   SpringDocDataRestConfiguration:
      Did not match:
         - @ConditionalOnClass did not find required class 'org.springframework.data.rest.core.config.RepositoryRestConfiguration' (OnClassCondition)

   SpringDocFunctionCatalogConfiguration:
      Did not match:
         - @ConditionalOnClass did not find required class 'org.springframework.cloud.function.web.function.FunctionEndpointInitializer' (OnClassCondition)

   SpringDocGroovyConfiguration:
      Did not match:
         - @ConditionalOnClass did not find required class 'groovy.lang.MetaClass' (OnClassCondition)

   SpringDocHateoasConfiguration:
      Did not match:
         - @ConditionalOnClass did not find required class 'org.springframework.hateoas.server.LinkRelationProvider' (OnClassCondition)

   SpringDocJacksonKotlinModuleConfiguration:
      Did not match:
         - @ConditionalOnClass did not find required class 'com.fasterxml.jackson.module.kotlin.KotlinModule' (OnClassCondition)

   SpringDocJavadocConfiguration:
      Did not match:
         - @ConditionalOnClass did not find required class 'com.github.therapi.runtimejavadoc.CommentFormatter' (OnClassCondition)

   SpringDocKotlinConfiguration:
      Did not match:
         - @ConditionalOnClass did not find required class 'kotlin.coroutines.Continuation' (OnClassCondition)

   SpringDocKotlinxConfiguration:
      Did not match:
         - @ConditionalOnClass did not find required class 'kotlinx.coroutines.flow.Flow' (OnClassCondition)

   SpringDocSecurityConfiguration.SpringDocSecurityOAuth2Configuration:
      Did not match:
         - @ConditionalOnClass did not find required class 'org.springframework.security.oauth2.server.authorization.OAuth2AuthorizationService' (OnClassCondition)

   SpringDocSecurityConfiguration.SpringSecurityLoginEndpointConfiguration#springSecurityLoginEndpointCustomiser:
      Did not match:
         - @ConditionalOnProperty (springdoc.show-login-endpoint) did not find property 'springdoc.show-login-endpoint' (OnPropertyCondition)

   SpringDocSortConfiguration#delegatingMethodParameterCustomizer:
      Did not match:
         - @ConditionalOnMissingBean (types: org.springdoc.core.customizers.DelegatingMethodParameterCustomizer; SearchStrategy: all) found beans of type 'org.springdoc.core.customizers.DelegatingMethodParameterCustomizer' delegatingMethodParameterCustomizer (OnBeanCondition)

   SpringDocWebMvcConfiguration.SpringDocWebMvcActuatorConfiguration:
      Did not match:
         - @ConditionalOnClass did not find required class 'org.springframework.boot.actuate.endpoint.web.servlet.WebMvcEndpointHandlerMapping' (OnClassCondition)

   SwaggerConfig#springWebProvider:
      Did not match:
         - @ConditionalOnMissingBean (types: org.springdoc.core.providers.SpringWebProvider; SearchStrategy: all) found beans of type 'org.springdoc.core.providers.SpringWebProvider' springWebProvider (OnBeanCondition)

   SwaggerConfig#swaggerUiConfigParameters:
      Did not match:
         - @ConditionalOnMissingBean (types: org.springdoc.core.properties.SwaggerUiConfigParameters; SearchStrategy: all) found beans of type 'org.springdoc.core.properties.SwaggerUiConfigParameters' org.springdoc.core.properties.SwaggerUiConfigParameters (OnBeanCondition)

   SwaggerConfig#swaggerUiHome:
      Did not match:
         - @ConditionalOnProperty (springdoc.swagger-ui.use-root-path=true) did not find property 'springdoc.swagger-ui.use-root-path' (OnPropertyCondition)

   SwaggerConfig.SwaggerActuatorWelcomeConfiguration:
      Did not match:
         - @ConditionalOnClass did not find required class 'org.springframework.boot.actuate.endpoint.web.servlet.WebMvcEndpointHandlerMapping' (OnClassCondition)

   TaskExecutorConfigurations.SimpleAsyncTaskExecutorBuilderConfiguration#simpleAsyncTaskExecutorBuilderVirtualThreads:
      Did not match:
         - @ConditionalOnMissingBean (types: org.springframework.boot.task.SimpleAsyncTaskExecutorBuilder; SearchStrategy: all) found beans of type 'org.springframework.boot.task.SimpleAsyncTaskExecutorBuilder' simpleAsyncTaskExecutorBuilder (OnBeanCondition)

   TaskExecutorConfigurations.TaskExecutorConfiguration#applicationTaskExecutorVirtualThreads:
      Did not match:
         - @ConditionalOnThreading did not find VIRTUAL (OnThreadingCondition)

   TaskSchedulingAutoConfiguration#scheduledBeanLazyInitializationExcludeFilter:
      Did not match:
         - @ConditionalOnBean (names: org.springframework.context.annotation.internalScheduledAnnotationProcessor; SearchStrategy: all) did not find any beans named org.springframework.context.annotation.internalScheduledAnnotationProcessor (OnBeanCondition)

   TaskSchedulingConfigurations.SimpleAsyncTaskSchedulerBuilderConfiguration#simpleAsyncTaskSchedulerBuilderVirtualThreads:
      Did not match:
         - @ConditionalOnMissingBean (types: org.springframework.boot.task.SimpleAsyncTaskSchedulerBuilder; SearchStrategy: all) found beans of type 'org.springframework.boot.task.SimpleAsyncTaskSchedulerBuilder' simpleAsyncTaskSchedulerBuilder (OnBeanCondition)

   TaskSchedulingConfigurations.TaskSchedulerConfiguration:
      Did not match:
         - @ConditionalOnBean (names: org.springframework.context.annotation.internalScheduledAnnotationProcessor; SearchStrategy: all) did not find any beans named org.springframework.context.annotation.internalScheduledAnnotationProcessor (OnBeanCondition)

   ThymeleafAutoConfiguration:
      Did not match:
         - @ConditionalOnClass did not find required class 'org.thymeleaf.spring6.SpringTemplateEngine' (OnClassCondition)

   TransactionAutoConfiguration#transactionalOperator:
      Did not match:
         - @ConditionalOnSingleCandidate (types: org.springframework.transaction.ReactiveTransactionManager; SearchStrategy: all) did not find any beans (OnBeanCondition)

   TransactionAutoConfiguration.AspectJTransactionManagementConfiguration:
      Did not match:
         - @ConditionalOnBean (types: org.springframework.transaction.aspectj.AbstractTransactionAspect; SearchStrategy: all) did not find any beans of type org.springframework.transaction.aspectj.AbstractTransactionAspect (OnBeanCondition)

   TransactionAutoConfiguration.EnableTransactionManagementConfiguration.JdkDynamicAutoProxyConfiguration:
      Did not match:
         - @ConditionalOnProperty (spring.aop.proxy-target-class=false) did not find property 'proxy-target-class' (OnPropertyCondition)

   UserDetailsServiceAutoConfiguration:
      Did not match:
         - @ConditionalOnMissingBean (types: org.springframework.security.authentication.AuthenticationManager,org.springframework.security.authentication.AuthenticationProvider,org.springframework.security.core.userdetails.UserDetailsService,org.springframework.security.authentication.AuthenticationManagerResolver,org.springframework.security.oauth2.jwt.JwtDecoder; SearchStrategy: all) found beans of type 'org.springframework.security.authentication.AuthenticationManager' authenticationManager and found beans of type 'org.springframework.security.core.userdetails.UserDetailsService' authorizationService (OnBeanCondition)
      Matched:
         - @ConditionalOnClass found required class 'org.springframework.security.authentication.AuthenticationManager' (OnClassCondition)
         - AnyNestedCondition 1 matched 2 did not; NestedCondition on UserDetailsServiceAutoConfiguration.MissingAlternativeOrUserPropertiesConfigured.PasswordConfigured @ConditionalOnProperty (spring.security.user.password) did not find property 'password'; NestedCondition on UserDetailsServiceAutoConfiguration.MissingAlternativeOrUserPropertiesConfigured.NameConfigured @ConditionalOnProperty (spring.security.user.name) did not find property 'name'; NestedCondition on UserDetailsServiceAutoConfiguration.MissingAlternativeOrUserPropertiesConfigured.MissingAlternative @ConditionalOnMissingClass did not find unwanted classes 'org.springframework.security.oauth2.client.registration.ClientRegistrationRepository', 'org.springframework.security.oauth2.server.resource.introspection.OpaqueTokenIntrospector', 'org.springframework.security.saml2.provider.service.registration.RelyingPartyRegistrationRepository' (UserDetailsServiceAutoConfiguration.MissingAlternativeOrUserPropertiesConfigured)

   ValidationAutoConfiguration:
      Did not match:
         - @ConditionalOnResource did not find resource 'classpath:META-INF/services/jakarta.validation.spi.ValidationProvider' (OnResourceCondition)
      Matched:
         - @ConditionalOnClass found required class 'jakarta.validation.executable.ExecutableValidator' (OnClassCondition)

   WebClientAutoConfiguration:
      Did not match:
         - @ConditionalOnClass did not find required class 'org.springframework.web.reactive.function.client.WebClient' (OnClassCondition)

   WebFluxAutoConfiguration:
      Did not match:
         - @ConditionalOnClass did not find required class 'org.springframework.web.reactive.config.WebFluxConfigurer' (OnClassCondition)

   WebMvcAutoConfiguration#hiddenHttpMethodFilter:
      Did not match:
         - @ConditionalOnProperty (spring.mvc.hiddenmethod.filter.enabled) did not find property 'enabled' (OnPropertyCondition)

   WebMvcAutoConfiguration.ProblemDetailsErrorHandlingConfiguration:
      Did not match:
         - @ConditionalOnProperty (spring.mvc.problemdetails.enabled=true) did not find property 'enabled' (OnPropertyCondition)

   WebMvcAutoConfiguration.ResourceChainCustomizerConfiguration:
      Did not match:
         - @ConditionalOnEnabledResourceChain did not find class org.webjars.WebJarAssetLocator (OnEnabledResourceChainCondition)

   WebMvcAutoConfiguration.WebMvcAutoConfigurationAdapter#beanNameViewResolver:
      Did not match:
         - @ConditionalOnMissingBean (types: org.springframework.web.servlet.view.BeanNameViewResolver; SearchStrategy: all) found beans of type 'org.springframework.web.servlet.view.BeanNameViewResolver' beanNameViewResolver (OnBeanCondition)

   WebServiceTemplateAutoConfiguration:
      Did not match:
         - @ConditionalOnClass did not find required class 'org.springframework.oxm.Marshaller' (OnClassCondition)

   WebServicesAutoConfiguration:
      Did not match:
         - @ConditionalOnClass did not find required class 'org.springframework.ws.transport.http.MessageDispatcherServlet' (OnClassCondition)

   WebSessionIdResolverAutoConfiguration:
      Did not match:
         - @ConditionalOnClass did not find required class 'reactor.core.publisher.Mono' (OnClassCondition)

   WebSocketMessagingAutoConfiguration:
      Did not match:
         - @ConditionalOnClass did not find required class 'org.springframework.web.socket.config.annotation.WebSocketMessageBrokerConfigurer' (OnClassCondition)

   WebSocketReactiveAutoConfiguration:
      Did not match:
         - @ConditionalOnWebApplication did not find reactive web application classes (OnWebApplicationCondition)

   WebSocketServletAutoConfiguration.JettyWebSocketConfiguration:
      Did not match:
         - @ConditionalOnClass did not find required class 'org.eclipse.jetty.ee10.websocket.jakarta.server.config.JakartaWebSocketServletContainerInitializer' (OnClassCondition)

   WebSocketServletAutoConfiguration.UndertowWebSocketConfiguration:
      Did not match:
         - @ConditionalOnClass did not find required class 'io.undertow.websockets.jsr.Bootstrap' (OnClassCondition)

   XADataSourceAutoConfiguration:
      Did not match:
         - @ConditionalOnBean (types: org.springframework.boot.jdbc.XADataSourceWrapper; SearchStrategy: all) did not find any beans of type org.springframework.boot.jdbc.XADataSourceWrapper (OnBeanCondition)
      Matched:
         - @ConditionalOnClass found required classes 'javax.sql.DataSource', 'jakarta.transaction.TransactionManager', 'org.springframework.jdbc.datasource.embedded.EmbeddedDatabaseType' (OnClassCondition)


Exclusions:
-----------

    None


Unconditional classes:
----------------------

    org.springframework.boot.autoconfigure.context.ConfigurationPropertiesAutoConfiguration

    org.springframework.boot.autoconfigure.ssl.SslAutoConfiguration

    org.springframework.boot.autoconfigure.context.PropertyPlaceholderAutoConfiguration

    org.springframework.boot.autoconfigure.context.LifecycleAutoConfiguration

    org.springframework.boot.autoconfigure.availability.ApplicationAvailabilityAutoConfiguration

    org.springframework.boot.autoconfigure.info.ProjectInfoAutoConfiguration



]]></system-err>
  </testcase>
</testsuite>