<?xml version="1.0" encoding="UTF-8"?>
<testsuite xmlns:xsi="http://www.w3.org/2001/XMLSchema-instance" xsi:noNamespaceSchemaLocation="https://maven.apache.org/surefire/maven-surefire-plugin/xsd/surefire-test-report-3.0.xsd" version="3.0" name="com.inovamed.clinical_study_system.DoctorTests" time="0.079" tests="6" errors="0" skipped="0" failures="0">
  <properties>
[...]
</properties>
  <testcase name="testFullUpdate" classname="com.inovamed.clinical_study_system.DoctorTests" time="0.012">
    <system-out><![CDATA[2024-10-30T14:43:15.495-03:00  INFO 5436 --- [clinical-study-system] [           main] t.c.s.AnnotationConfigContextLoaderUtils : Could not detect default configuration classes for test class [com.inovamed.clinical_study_system.DoctorTests]: DoctorTests does not declare any static, non-private, non-final, nested classes annotated with @Configuration.
2024-10-30T14:43:15.503-03:00  INFO 5436 --- [clinical-study-system] [           main] .b.t.c.SpringBootTestContextBootstrapper : Found @SpringBootConfiguration com.inovamed.clinical_study_system.ClinicalStudySystemApplication for test class com.inovamed.clinical_study_system.DoctorTests
]]></system-out>
  </testcase>
  <testcase name="testPartialUpdate" classname="com.inovamed.clinical_study_system.DoctorTests" time="0.007"/>
  <testcase name="testUpdateWithNullValues" classname="com.inovamed.clinical_study_system.DoctorTests" time="0.007"/>
  <testcase name="testCreateDoctorWithAllAttributes" classname="com.inovamed.clinical_study_system.DoctorTests" time="0.006"/>
  <testcase name="testCreateNewDoctor" classname="com.inovamed.clinical_study_system.DoctorTests" time="0.007"/>
  <testcase name="testKeyPersistenceAfterUpdate" classname="com.inovamed.clinical_study_system.DoctorTests" time="0.004"/>
</testsuite>